This file contains any messages produced by compilers while
running configure, to aid debugging if configure makes a mistake.

It was created by openvswitch configure 2.7.2, which was
generated by GNU Autoconf 2.69.  Invocation command line was

  $ ./configure --enable-Werror

## --------- ##
## Platform. ##
## --------- ##

hostname = shengliu-ThinkPad-T440s
uname -m = x86_64
uname -r = 4.4.0-119-generic
uname -s = Linux
uname -v = #143-Ubuntu SMP Mon Apr 2 16:08:24 UTC 2018

/usr/bin/uname -p = unknown
/bin/uname -X     = unknown

/bin/arch              = unknown
/usr/bin/arch -k       = unknown
/usr/convex/getsysinfo = unknown
/usr/bin/hostinfo      = unknown
/bin/machine           = unknown
/usr/bin/oslevel       = unknown
/bin/universe          = unknown

PATH: /usr/local/sbin
PATH: /usr/local/bin
PATH: /usr/sbin
PATH: /usr/bin
PATH: /sbin
PATH: /bin
PATH: /snap/bin


## ----------- ##
## Core tests. ##
## ----------- ##

configure:2706: checking for a BSD-compatible install
configure:2774: result: /usr/bin/install -c
configure:2785: checking whether build environment is sane
configure:2840: result: yes
configure:2991: checking for a thread-safe mkdir -p
configure:3030: result: /bin/mkdir -p
configure:3037: checking for gawk
configure:3053: found /usr/bin/gawk
configure:3064: result: gawk
configure:3075: checking whether make sets $(MAKE)
configure:3097: result: yes
configure:3126: checking whether make supports nested variables
configure:3143: result: yes
configure:3222: checking how to create a pax tar archive
configure:3233: tar --version
tar (GNU tar) 1.28
Copyright (C) 2014 Free Software Foundation, Inc.
License GPLv3+: GNU GPL version 3 or later <http://gnu.org/licenses/gpl.html>.
This is free software: you are free to change and redistribute it.
There is NO WARRANTY, to the extent permitted by law.

Written by John Gilmore and Jay Fenlason.
configure:3236: $? = 0
configure:3276: tardir=conftest.dir && eval tar --format=posix -chf - "$tardir" >conftest.tar
configure:3279: $? = 0
configure:3283: tar -xf - <conftest.tar
configure:3286: $? = 0
configure:3288: cat conftest.dir/file
GrepMe
configure:3291: $? = 0
configure:3304: result: gnutar
configure:3367: checking for style of include used by make
configure:3395: result: GNU
configure:3466: checking for gcc
configure:3482: found /usr/bin/gcc
configure:3493: result: gcc
configure:3722: checking for C compiler version
configure:3731: gcc --version >&5
gcc (Ubuntu 5.4.0-6ubuntu1~16.04.9) 5.4.0 20160609
Copyright (C) 2015 Free Software Foundation, Inc.
This is free software; see the source for copying conditions.  There is NO
warranty; not even for MERCHANTABILITY or FITNESS FOR A PARTICULAR PURPOSE.

configure:3742: $? = 0
configure:3731: gcc -v >&5
Using built-in specs.
COLLECT_GCC=gcc
COLLECT_LTO_WRAPPER=/usr/lib/gcc/x86_64-linux-gnu/5/lto-wrapper
Target: x86_64-linux-gnu
Configured with: ../src/configure -v --with-pkgversion='Ubuntu 5.4.0-6ubuntu1~16.04.9' --with-bugurl=file:///usr/share/doc/gcc-5/README.Bugs --enable-languages=c,ada,c++,java,go,d,fortran,objc,obj-c++ --prefix=/usr --program-suffix=-5 --enable-shared --enable-linker-build-id --libexecdir=/usr/lib --without-included-gettext --enable-threads=posix --libdir=/usr/lib --enable-nls --with-sysroot=/ --enable-clocale=gnu --enable-libstdcxx-debug --enable-libstdcxx-time=yes --with-default-libstdcxx-abi=new --enable-gnu-unique-object --disable-vtable-verify --enable-libmpx --enable-plugin --with-system-zlib --disable-browser-plugin --enable-java-awt=gtk --enable-gtk-cairo --with-java-home=/usr/lib/jvm/java-1.5.0-gcj-5-amd64/jre --enable-java-home --with-jvm-root-dir=/usr/lib/jvm/java-1.5.0-gcj-5-amd64 --with-jvm-jar-dir=/usr/lib/jvm-exports/java-1.5.0-gcj-5-amd64 --with-arch-directory=amd64 --with-ecj-jar=/usr/share/java/eclipse-ecj.jar --enable-objc-gc --enable-multiarch --disable-werror --with-arch-32=i686 --with-abi=m64 --with-multilib-list=m32,m64,mx32 --enable-multilib --with-tune=generic --enable-checking=release --build=x86_64-linux-gnu --host=x86_64-linux-gnu --target=x86_64-linux-gnu
Thread model: posix
gcc version 5.4.0 20160609 (Ubuntu 5.4.0-6ubuntu1~16.04.9) 
configure:3742: $? = 0
configure:3731: gcc -V >&5
gcc: error: unrecognized command line option '-V'
gcc: fatal error: no input files
compilation terminated.
configure:3742: $? = 1
configure:3731: gcc -qversion >&5
gcc: error: unrecognized command line option '-qversion'
gcc: fatal error: no input files
compilation terminated.
configure:3742: $? = 1
configure:3762: checking whether the C compiler works
configure:3784: gcc    conftest.c  >&5
configure:3788: $? = 0
configure:3836: result: yes
configure:3839: checking for C compiler default output file name
configure:3841: result: a.out
configure:3847: checking for suffix of executables
configure:3854: gcc -o conftest    conftest.c  >&5
configure:3858: $? = 0
configure:3880: result: 
configure:3902: checking whether we are cross compiling
configure:3910: gcc -o conftest    conftest.c  >&5
configure:3914: $? = 0
configure:3921: ./conftest
configure:3925: $? = 0
configure:3940: result: no
configure:3945: checking for suffix of object files
configure:3967: gcc -c   conftest.c >&5
configure:3971: $? = 0
configure:3992: result: o
configure:3996: checking whether we are using the GNU C compiler
configure:4015: gcc -c   conftest.c >&5
configure:4015: $? = 0
configure:4024: result: yes
configure:4033: checking whether gcc accepts -g
configure:4053: gcc -c -g  conftest.c >&5
configure:4053: $? = 0
configure:4094: result: yes
configure:4111: checking for gcc option to accept ISO C89
configure:4174: gcc  -c -g -O2  conftest.c >&5
configure:4174: $? = 0
configure:4187: result: none needed
configure:4212: checking whether gcc understands -c and -o together
configure:4234: gcc -c conftest.c -o conftest2.o
configure:4237: $? = 0
configure:4234: gcc -c conftest.c -o conftest2.o
configure:4237: $? = 0
configure:4249: result: yes
configure:4268: checking dependency style of gcc
configure:4379: result: gcc3
configure:4394: checking for gcc option to accept ISO C99
configure:4543: gcc  -c -g -O2  conftest.c >&5
configure:4543: $? = 0
configure:4556: result: none needed
configure:4577: checking how to run the C preprocessor
configure:4608: gcc -E  conftest.c
configure:4608: $? = 0
configure:4622: gcc -E  conftest.c
conftest.c:11:28: fatal error: ac_nonexistent.h: No such file or directory
compilation terminated.
configure:4622: $? = 1
configure: failed program was:
| /* confdefs.h */
| #define PACKAGE_NAME "openvswitch"
| #define PACKAGE_TARNAME "openvswitch"
| #define PACKAGE_VERSION "2.7.2"
| #define PACKAGE_STRING "openvswitch 2.7.2"
| #define PACKAGE_BUGREPORT "bugs@openvswitch.org"
| #define PACKAGE_URL ""
| #define PACKAGE "openvswitch"
| #define VERSION "2.7.2"
| /* end confdefs.h.  */
| #include <ac_nonexistent.h>
configure:4647: result: gcc -E
configure:4667: gcc -E  conftest.c
configure:4667: $? = 0
configure:4681: gcc -E  conftest.c
conftest.c:11:28: fatal error: ac_nonexistent.h: No such file or directory
compilation terminated.
configure:4681: $? = 1
configure: failed program was:
| /* confdefs.h */
| #define PACKAGE_NAME "openvswitch"
| #define PACKAGE_TARNAME "openvswitch"
| #define PACKAGE_VERSION "2.7.2"
| #define PACKAGE_STRING "openvswitch 2.7.2"
| #define PACKAGE_BUGREPORT "bugs@openvswitch.org"
| #define PACKAGE_URL ""
| #define PACKAGE "openvswitch"
| #define VERSION "2.7.2"
| /* end confdefs.h.  */
| #include <ac_nonexistent.h>
configure:4710: checking for grep that handles long lines and -e
configure:4768: result: /bin/grep
configure:4773: checking for fgrep
configure:4835: result: /bin/grep -F
configure:4840: checking for egrep
configure:4902: result: /bin/grep -E
configure:4911: checking for perl
configure:4929: found /usr/bin/perl
configure:4942: result: /usr/bin/perl
configure:4960: checking for ANSI C header files
configure:4980: gcc -c -g -O2  conftest.c >&5
configure:4980: $? = 0
configure:5053: gcc -o conftest -g -O2   conftest.c  >&5
configure:5053: $? = 0
configure:5053: ./conftest
configure:5053: $? = 0
configure:5064: result: yes
configure:5077: checking for sys/types.h
configure:5077: gcc -c -g -O2  conftest.c >&5
configure:5077: $? = 0
configure:5077: result: yes
configure:5077: checking for sys/stat.h
configure:5077: gcc -c -g -O2  conftest.c >&5
configure:5077: $? = 0
configure:5077: result: yes
configure:5077: checking for stdlib.h
configure:5077: gcc -c -g -O2  conftest.c >&5
configure:5077: $? = 0
configure:5077: result: yes
configure:5077: checking for string.h
configure:5077: gcc -c -g -O2  conftest.c >&5
configure:5077: $? = 0
configure:5077: result: yes
configure:5077: checking for memory.h
configure:5077: gcc -c -g -O2  conftest.c >&5
configure:5077: $? = 0
configure:5077: result: yes
configure:5077: checking for strings.h
configure:5077: gcc -c -g -O2  conftest.c >&5
configure:5077: $? = 0
configure:5077: result: yes
configure:5077: checking for inttypes.h
configure:5077: gcc -c -g -O2  conftest.c >&5
configure:5077: $? = 0
configure:5077: result: yes
configure:5077: checking for stdint.h
configure:5077: gcc -c -g -O2  conftest.c >&5
configure:5077: $? = 0
configure:5077: result: yes
configure:5077: checking for unistd.h
configure:5077: gcc -c -g -O2  conftest.c >&5
configure:5077: $? = 0
configure:5077: result: yes
configure:5090: checking minix/config.h usability
configure:5090: gcc -c -g -O2  conftest.c >&5
conftest.c:54:26: fatal error: minix/config.h: No such file or directory
compilation terminated.
configure:5090: $? = 1
configure: failed program was:
| /* confdefs.h */
| #define PACKAGE_NAME "openvswitch"
| #define PACKAGE_TARNAME "openvswitch"
| #define PACKAGE_VERSION "2.7.2"
| #define PACKAGE_STRING "openvswitch 2.7.2"
| #define PACKAGE_BUGREPORT "bugs@openvswitch.org"
| #define PACKAGE_URL ""
| #define PACKAGE "openvswitch"
| #define VERSION "2.7.2"
| #define STDC_HEADERS 1
| #define HAVE_SYS_TYPES_H 1
| #define HAVE_SYS_STAT_H 1
| #define HAVE_STDLIB_H 1
| #define HAVE_STRING_H 1
| #define HAVE_MEMORY_H 1
| #define HAVE_STRINGS_H 1
| #define HAVE_INTTYPES_H 1
| #define HAVE_STDINT_H 1
| #define HAVE_UNISTD_H 1
| /* end confdefs.h.  */
| #include <stdio.h>
| #ifdef HAVE_SYS_TYPES_H
| # include <sys/types.h>
| #endif
| #ifdef HAVE_SYS_STAT_H
| # include <sys/stat.h>
| #endif
| #ifdef STDC_HEADERS
| # include <stdlib.h>
| # include <stddef.h>
| #else
| # ifdef HAVE_STDLIB_H
| #  include <stdlib.h>
| # endif
| #endif
| #ifdef HAVE_STRING_H
| # if !defined STDC_HEADERS && defined HAVE_MEMORY_H
| #  include <memory.h>
| # endif
| # include <string.h>
| #endif
| #ifdef HAVE_STRINGS_H
| # include <strings.h>
| #endif
| #ifdef HAVE_INTTYPES_H
| # include <inttypes.h>
| #endif
| #ifdef HAVE_STDINT_H
| # include <stdint.h>
| #endif
| #ifdef HAVE_UNISTD_H
| # include <unistd.h>
| #endif
| #include <minix/config.h>
configure:5090: result: no
configure:5090: checking minix/config.h presence
configure:5090: gcc -E  conftest.c
conftest.c:21:26: fatal error: minix/config.h: No such file or directory
compilation terminated.
configure:5090: $? = 1
configure: failed program was:
| /* confdefs.h */
| #define PACKAGE_NAME "openvswitch"
| #define PACKAGE_TARNAME "openvswitch"
| #define PACKAGE_VERSION "2.7.2"
| #define PACKAGE_STRING "openvswitch 2.7.2"
| #define PACKAGE_BUGREPORT "bugs@openvswitch.org"
| #define PACKAGE_URL ""
| #define PACKAGE "openvswitch"
| #define VERSION "2.7.2"
| #define STDC_HEADERS 1
| #define HAVE_SYS_TYPES_H 1
| #define HAVE_SYS_STAT_H 1
| #define HAVE_STDLIB_H 1
| #define HAVE_STRING_H 1
| #define HAVE_MEMORY_H 1
| #define HAVE_STRINGS_H 1
| #define HAVE_INTTYPES_H 1
| #define HAVE_STDINT_H 1
| #define HAVE_UNISTD_H 1
| /* end confdefs.h.  */
| #include <minix/config.h>
configure:5090: result: no
configure:5090: checking for minix/config.h
configure:5090: result: no
configure:5111: checking whether it is safe to define __EXTENSIONS__
configure:5129: gcc -c -g -O2  conftest.c >&5
configure:5129: $? = 0
configure:5136: result: yes
configure:5150: checking whether byte ordering is bigendian
configure:5165: gcc -c -g -O2  conftest.c >&5
conftest.c:27:9: error: unknown type name 'not'
         not a universal capable compiler
         ^
conftest.c:27:15: error: expected '=', ',', ';', 'asm' or '__attribute__' before 'universal'
         not a universal capable compiler
               ^
conftest.c:27:15: error: unknown type name 'universal'
configure:5165: $? = 1
configure: failed program was:
| /* confdefs.h */
| #define PACKAGE_NAME "openvswitch"
| #define PACKAGE_TARNAME "openvswitch"
| #define PACKAGE_VERSION "2.7.2"
| #define PACKAGE_STRING "openvswitch 2.7.2"
| #define PACKAGE_BUGREPORT "bugs@openvswitch.org"
| #define PACKAGE_URL ""
| #define PACKAGE "openvswitch"
| #define VERSION "2.7.2"
| #define STDC_HEADERS 1
| #define HAVE_SYS_TYPES_H 1
| #define HAVE_SYS_STAT_H 1
| #define HAVE_STDLIB_H 1
| #define HAVE_STRING_H 1
| #define HAVE_MEMORY_H 1
| #define HAVE_STRINGS_H 1
| #define HAVE_INTTYPES_H 1
| #define HAVE_STDINT_H 1
| #define HAVE_UNISTD_H 1
| #define __EXTENSIONS__ 1
| #define _ALL_SOURCE 1
| #define _GNU_SOURCE 1
| #define _POSIX_PTHREAD_SEMANTICS 1
| #define _TANDEM_SOURCE 1
| /* end confdefs.h.  */
| #ifndef __APPLE_CC__
| 	       not a universal capable compiler
| 	     #endif
| 	     typedef int dummy;
| 
configure:5210: gcc -c -g -O2  conftest.c >&5
configure:5210: $? = 0
configure:5228: gcc -c -g -O2  conftest.c >&5
conftest.c: In function 'main':
conftest.c:33:4: error: unknown type name 'not'
    not big endian
    ^
conftest.c:33:12: error: expected '=', ',', ';', 'asm' or '__attribute__' before 'endian'
    not big endian
            ^
configure:5228: $? = 1
configure: failed program was:
| /* confdefs.h */
| #define PACKAGE_NAME "openvswitch"
| #define PACKAGE_TARNAME "openvswitch"
| #define PACKAGE_VERSION "2.7.2"
| #define PACKAGE_STRING "openvswitch 2.7.2"
| #define PACKAGE_BUGREPORT "bugs@openvswitch.org"
| #define PACKAGE_URL ""
| #define PACKAGE "openvswitch"
| #define VERSION "2.7.2"
| #define STDC_HEADERS 1
| #define HAVE_SYS_TYPES_H 1
| #define HAVE_SYS_STAT_H 1
| #define HAVE_STDLIB_H 1
| #define HAVE_STRING_H 1
| #define HAVE_MEMORY_H 1
| #define HAVE_STRINGS_H 1
| #define HAVE_INTTYPES_H 1
| #define HAVE_STDINT_H 1
| #define HAVE_UNISTD_H 1
| #define __EXTENSIONS__ 1
| #define _ALL_SOURCE 1
| #define _GNU_SOURCE 1
| #define _POSIX_PTHREAD_SEMANTICS 1
| #define _TANDEM_SOURCE 1
| /* end confdefs.h.  */
| #include <sys/types.h>
| 		#include <sys/param.h>
| 
| int
| main ()
| {
| #if BYTE_ORDER != BIG_ENDIAN
| 		 not big endian
| 		#endif
| 
|   ;
|   return 0;
| }
configure:5356: result: no
configure:5381: checking for special C compiler options needed for large files
configure:5426: result: no
configure:5432: checking for _FILE_OFFSET_BITS value needed for large files
configure:5457: gcc -c -g -O2  conftest.c >&5
configure:5457: $? = 0
configure:5489: result: no
configure:5604: checking build system type
configure:5618: result: x86_64-pc-linux-gnu
configure:5638: checking host system type
configure:5651: result: x86_64-pc-linux-gnu
configure:5692: checking how to print strings
configure:5719: result: printf
configure:5740: checking for a sed that does not truncate output
configure:5804: result: /bin/sed
configure:5852: checking for ld used by gcc
configure:5919: result: /usr/bin/ld
configure:5926: checking if the linker (/usr/bin/ld) is GNU ld
configure:5941: result: yes
configure:5953: checking for BSD- or MS-compatible name lister (nm)
configure:6007: result: /usr/bin/nm -B
configure:6137: checking the name lister (/usr/bin/nm -B) interface
configure:6144: gcc -c -g -O2  conftest.c >&5
configure:6147: /usr/bin/nm -B "conftest.o"
configure:6150: output
0000000000000000 B some_variable
configure:6157: result: BSD nm
configure:6160: checking whether ln -s works
configure:6164: result: yes
configure:6172: checking the maximum length of command line arguments
configure:6303: result: 1572864
configure:6351: checking how to convert x86_64-pc-linux-gnu file names to x86_64-pc-linux-gnu format
configure:6391: result: func_convert_file_noop
configure:6398: checking how to convert x86_64-pc-linux-gnu file names to toolchain format
configure:6418: result: func_convert_file_noop
configure:6425: checking for /usr/bin/ld option to reload object files
configure:6432: result: -r
configure:6506: checking for objdump
configure:6522: found /usr/bin/objdump
configure:6533: result: objdump
configure:6565: checking how to recognize dependent libraries
configure:6765: result: pass_all
configure:6850: checking for dlltool
configure:6880: result: no
configure:6910: checking how to associate runtime and link libraries
configure:6937: result: printf %s\n
configure:6997: checking for ar
configure:7013: found /usr/bin/ar
configure:7024: result: ar
configure:7061: checking for archiver @FILE support
configure:7078: gcc -c -g -O2  conftest.c >&5
configure:7078: $? = 0
configure:7081: ar cru libconftest.a @conftest.lst >&5
ar: `u' modifier ignored since `D' is the default (see `U')
configure:7084: $? = 0
configure:7089: ar cru libconftest.a @conftest.lst >&5
ar: `u' modifier ignored since `D' is the default (see `U')
ar: conftest.o: No such file or directory
configure:7092: $? = 1
configure:7104: result: @
configure:7162: checking for strip
configure:7178: found /usr/bin/strip
configure:7189: result: strip
configure:7261: checking for ranlib
configure:7277: found /usr/bin/ranlib
configure:7288: result: ranlib
configure:7390: checking command to parse /usr/bin/nm -B output from gcc object
configure:7543: gcc -c -g -O2  conftest.c >&5
configure:7546: $? = 0
configure:7550: /usr/bin/nm -B conftest.o \| sed -n -e 's/^.*[ ]\([ABCDGIRSTW][ABCDGIRSTW]*\)[ ][ ]*\([_A-Za-z][_A-Za-z0-9]*\)$/\1 \2 \2/p' | sed '/ __gnu_lto/d' \> conftest.nm
configure:7553: $? = 0
configure:7619: gcc -o conftest -g -O2   conftest.c conftstm.o >&5
configure:7622: $? = 0
configure:7660: result: ok
configure:7707: checking for sysroot
configure:7737: result: no
configure:7744: checking for a working dd
configure:7782: result: /bin/dd
configure:7786: checking how to truncate binary pipes
configure:7801: result: /bin/dd bs=4096 count=1
configure:7937: gcc -c -g -O2  conftest.c >&5
configure:7940: $? = 0
configure:8130: checking for mt
configure:8146: found /bin/mt
configure:8157: result: mt
configure:8180: checking if mt is a manifest tool
configure:8186: mt '-?'
configure:8194: result: no
configure:8868: checking for dlfcn.h
configure:8868: gcc -c -g -O2  conftest.c >&5
configure:8868: $? = 0
configure:8868: result: yes
configure:9123: checking for objdir
configure:9138: result: .libs
configure:9402: checking if gcc supports -fno-rtti -fno-exceptions
configure:9420: gcc -c -g -O2  -fno-rtti -fno-exceptions conftest.c >&5
cc1: warning: command line option '-fno-rtti' is valid for C++/ObjC++ but not for C
configure:9424: $? = 0
configure:9437: result: no
configure:9795: checking for gcc option to produce PIC
configure:9802: result: -fPIC -DPIC
configure:9810: checking if gcc PIC flag -fPIC -DPIC works
configure:9828: gcc -c -g -O2  -fPIC -DPIC -DPIC conftest.c >&5
configure:9832: $? = 0
configure:9845: result: yes
configure:9874: checking if gcc static flag -static works
configure:9902: result: yes
configure:9917: checking if gcc supports -c -o file.o
configure:9938: gcc -c -g -O2  -o out/conftest2.o conftest.c >&5
configure:9942: $? = 0
configure:9964: result: yes
configure:9972: checking if gcc supports -c -o file.o
configure:10019: result: yes
configure:10052: checking whether the gcc linker (/usr/bin/ld -m elf_x86_64) supports shared libraries
configure:11315: result: yes
configure:11555: checking dynamic linker characteristics
configure:12136: gcc -o conftest -g -O2   -Wl,-rpath -Wl,/foo conftest.c  >&5
configure:12136: $? = 0
configure:12385: result: GNU/Linux ld.so
configure:12507: checking how to hardcode library paths into programs
configure:12532: result: immediate
configure:13080: checking whether stripping libraries is possible
configure:13085: result: yes
configure:13120: checking if libtool supports shared libraries
configure:13122: result: yes
configure:13125: checking whether to build shared libraries
configure:13150: result: no
configure:13153: checking whether to build static libraries
configure:13157: result: yes
configure:13230: checking for library containing pow
configure:13261: gcc -o conftest -g -O2   conftest.c  >&5
conftest.c:35:6: warning: conflicting types for built-in function 'pow'
 char pow ();
      ^
/tmp/ccS7GFeX.o: In function `main':
/home/shengliu/Workspace/ovs_hehe_test/conftest.c:39: undefined reference to `pow'
collect2: error: ld returned 1 exit status
configure:13261: $? = 1
configure: failed program was:
| /* confdefs.h */
| #define PACKAGE_NAME "openvswitch"
| #define PACKAGE_TARNAME "openvswitch"
| #define PACKAGE_VERSION "2.7.2"
| #define PACKAGE_STRING "openvswitch 2.7.2"
| #define PACKAGE_BUGREPORT "bugs@openvswitch.org"
| #define PACKAGE_URL ""
| #define PACKAGE "openvswitch"
| #define VERSION "2.7.2"
| #define STDC_HEADERS 1
| #define HAVE_SYS_TYPES_H 1
| #define HAVE_SYS_STAT_H 1
| #define HAVE_STDLIB_H 1
| #define HAVE_STRING_H 1
| #define HAVE_MEMORY_H 1
| #define HAVE_STRINGS_H 1
| #define HAVE_INTTYPES_H 1
| #define HAVE_STDINT_H 1
| #define HAVE_UNISTD_H 1
| #define __EXTENSIONS__ 1
| #define _ALL_SOURCE 1
| #define _GNU_SOURCE 1
| #define _POSIX_PTHREAD_SEMANTICS 1
| #define _TANDEM_SOURCE 1
| #define HAVE_DLFCN_H 1
| #define LT_OBJDIR ".libs/"
| /* end confdefs.h.  */
| 
| /* Override any GCC internal prototype to avoid an error.
|    Use char because int might match the return type of a GCC
|    builtin and then its argument prototype would still apply.  */
| #ifdef __cplusplus
| extern "C"
| #endif
| char pow ();
| int
| main ()
| {
| return pow ();
|   ;
|   return 0;
| }
configure:13261: gcc -o conftest -g -O2   conftest.c -lm   >&5
conftest.c:35:6: warning: conflicting types for built-in function 'pow'
 char pow ();
      ^
configure:13261: $? = 0
configure:13278: result: -lm
configure:13286: checking for library containing clock_gettime
configure:13317: gcc -o conftest -g -O2   conftest.c -lm  >&5
configure:13317: $? = 0
configure:13334: result: none required
configure:13342: checking for library containing timer_create
configure:13373: gcc -o conftest -g -O2   conftest.c -lm  >&5
/tmp/cc254Vad.o: In function `main':
/home/shengliu/Workspace/ovs_hehe_test/conftest.c:39: undefined reference to `timer_create'
collect2: error: ld returned 1 exit status
configure:13373: $? = 1
configure: failed program was:
| /* confdefs.h */
| #define PACKAGE_NAME "openvswitch"
| #define PACKAGE_TARNAME "openvswitch"
| #define PACKAGE_VERSION "2.7.2"
| #define PACKAGE_STRING "openvswitch 2.7.2"
| #define PACKAGE_BUGREPORT "bugs@openvswitch.org"
| #define PACKAGE_URL ""
| #define PACKAGE "openvswitch"
| #define VERSION "2.7.2"
| #define STDC_HEADERS 1
| #define HAVE_SYS_TYPES_H 1
| #define HAVE_SYS_STAT_H 1
| #define HAVE_STDLIB_H 1
| #define HAVE_STRING_H 1
| #define HAVE_MEMORY_H 1
| #define HAVE_STRINGS_H 1
| #define HAVE_INTTYPES_H 1
| #define HAVE_STDINT_H 1
| #define HAVE_UNISTD_H 1
| #define __EXTENSIONS__ 1
| #define _ALL_SOURCE 1
| #define _GNU_SOURCE 1
| #define _POSIX_PTHREAD_SEMANTICS 1
| #define _TANDEM_SOURCE 1
| #define HAVE_DLFCN_H 1
| #define LT_OBJDIR ".libs/"
| /* end confdefs.h.  */
| 
| /* Override any GCC internal prototype to avoid an error.
|    Use char because int might match the return type of a GCC
|    builtin and then its argument prototype would still apply.  */
| #ifdef __cplusplus
| extern "C"
| #endif
| char timer_create ();
| int
| main ()
| {
| return timer_create ();
|   ;
|   return 0;
| }
configure:13373: gcc -o conftest -g -O2   conftest.c -lrt  -lm  >&5
configure:13373: $? = 0
configure:13390: result: -lrt
configure:13398: checking for library containing pthread_create
configure:13429: gcc -o conftest -g -O2   conftest.c -lrt -lm  >&5
/tmp/ccEmD2Hk.o: In function `main':
/home/shengliu/Workspace/ovs_hehe_test/conftest.c:39: undefined reference to `pthread_create'
collect2: error: ld returned 1 exit status
configure:13429: $? = 1
configure: failed program was:
| /* confdefs.h */
| #define PACKAGE_NAME "openvswitch"
| #define PACKAGE_TARNAME "openvswitch"
| #define PACKAGE_VERSION "2.7.2"
| #define PACKAGE_STRING "openvswitch 2.7.2"
| #define PACKAGE_BUGREPORT "bugs@openvswitch.org"
| #define PACKAGE_URL ""
| #define PACKAGE "openvswitch"
| #define VERSION "2.7.2"
| #define STDC_HEADERS 1
| #define HAVE_SYS_TYPES_H 1
| #define HAVE_SYS_STAT_H 1
| #define HAVE_STDLIB_H 1
| #define HAVE_STRING_H 1
| #define HAVE_MEMORY_H 1
| #define HAVE_STRINGS_H 1
| #define HAVE_INTTYPES_H 1
| #define HAVE_STDINT_H 1
| #define HAVE_UNISTD_H 1
| #define __EXTENSIONS__ 1
| #define _ALL_SOURCE 1
| #define _GNU_SOURCE 1
| #define _POSIX_PTHREAD_SEMANTICS 1
| #define _TANDEM_SOURCE 1
| #define HAVE_DLFCN_H 1
| #define LT_OBJDIR ".libs/"
| /* end confdefs.h.  */
| 
| /* Override any GCC internal prototype to avoid an error.
|    Use char because int might match the return type of a GCC
|    builtin and then its argument prototype would still apply.  */
| #ifdef __cplusplus
| extern "C"
| #endif
| char pthread_create ();
| int
| main ()
| {
| return pthread_create ();
|   ;
|   return 0;
| }
configure:13429: gcc -o conftest -g -O2   conftest.c -lpthread  -lrt -lm  >&5
configure:13429: $? = 0
configure:13446: result: -lpthread
configure:13454: checking whether strerror_r is declared
configure:13454: gcc -c -g -O2  conftest.c >&5
configure:13454: $? = 0
configure:13454: result: yes
configure:13467: checking for strerror_r
configure:13467: gcc -o conftest -g -O2   conftest.c -lpthread -lrt -lm  >&5
configure:13467: $? = 0
configure:13467: result: yes
configure:13476: checking whether strerror_r returns char *
configure:13500: gcc -c -g -O2  conftest.c >&5
configure:13500: $? = 0
configure:13538: result: yes
configure:13547: checking vmware.h usability
configure:13547: gcc -c -g -O2  conftest.c >&5
conftest.c:64:20: fatal error: vmware.h: No such file or directory
compilation terminated.
configure:13547: $? = 1
configure: failed program was:
| /* confdefs.h */
| #define PACKAGE_NAME "openvswitch"
| #define PACKAGE_TARNAME "openvswitch"
| #define PACKAGE_VERSION "2.7.2"
| #define PACKAGE_STRING "openvswitch 2.7.2"
| #define PACKAGE_BUGREPORT "bugs@openvswitch.org"
| #define PACKAGE_URL ""
| #define PACKAGE "openvswitch"
| #define VERSION "2.7.2"
| #define STDC_HEADERS 1
| #define HAVE_SYS_TYPES_H 1
| #define HAVE_SYS_STAT_H 1
| #define HAVE_STDLIB_H 1
| #define HAVE_STRING_H 1
| #define HAVE_MEMORY_H 1
| #define HAVE_STRINGS_H 1
| #define HAVE_INTTYPES_H 1
| #define HAVE_STDINT_H 1
| #define HAVE_UNISTD_H 1
| #define __EXTENSIONS__ 1
| #define _ALL_SOURCE 1
| #define _GNU_SOURCE 1
| #define _POSIX_PTHREAD_SEMANTICS 1
| #define _TANDEM_SOURCE 1
| #define HAVE_DLFCN_H 1
| #define LT_OBJDIR ".libs/"
| #define HAVE_DECL_STRERROR_R 1
| #define HAVE_STRERROR_R 1
| #define STRERROR_R_CHAR_P 1
| /* end confdefs.h.  */
| #include <stdio.h>
| #ifdef HAVE_SYS_TYPES_H
| # include <sys/types.h>
| #endif
| #ifdef HAVE_SYS_STAT_H
| # include <sys/stat.h>
| #endif
| #ifdef STDC_HEADERS
| # include <stdlib.h>
| # include <stddef.h>
| #else
| # ifdef HAVE_STDLIB_H
| #  include <stdlib.h>
| # endif
| #endif
| #ifdef HAVE_STRING_H
| # if !defined STDC_HEADERS && defined HAVE_MEMORY_H
| #  include <memory.h>
| # endif
| # include <string.h>
| #endif
| #ifdef HAVE_STRINGS_H
| # include <strings.h>
| #endif
| #ifdef HAVE_INTTYPES_H
| # include <inttypes.h>
| #endif
| #ifdef HAVE_STDINT_H
| # include <stdint.h>
| #endif
| #ifdef HAVE_UNISTD_H
| # include <unistd.h>
| #endif
| #include <vmware.h>
configure:13547: result: no
configure:13547: checking vmware.h presence
configure:13547: gcc -E  conftest.c
conftest.c:31:20: fatal error: vmware.h: No such file or directory
compilation terminated.
configure:13547: $? = 1
configure: failed program was:
| /* confdefs.h */
| #define PACKAGE_NAME "openvswitch"
| #define PACKAGE_TARNAME "openvswitch"
| #define PACKAGE_VERSION "2.7.2"
| #define PACKAGE_STRING "openvswitch 2.7.2"
| #define PACKAGE_BUGREPORT "bugs@openvswitch.org"
| #define PACKAGE_URL ""
| #define PACKAGE "openvswitch"
| #define VERSION "2.7.2"
| #define STDC_HEADERS 1
| #define HAVE_SYS_TYPES_H 1
| #define HAVE_SYS_STAT_H 1
| #define HAVE_STDLIB_H 1
| #define HAVE_STRING_H 1
| #define HAVE_MEMORY_H 1
| #define HAVE_STRINGS_H 1
| #define HAVE_INTTYPES_H 1
| #define HAVE_STDINT_H 1
| #define HAVE_UNISTD_H 1
| #define __EXTENSIONS__ 1
| #define _ALL_SOURCE 1
| #define _GNU_SOURCE 1
| #define _POSIX_PTHREAD_SEMANTICS 1
| #define _TANDEM_SOURCE 1
| #define HAVE_DLFCN_H 1
| #define LT_OBJDIR ".libs/"
| #define HAVE_DECL_STRERROR_R 1
| #define HAVE_STRERROR_R 1
| #define STRERROR_R_CHAR_P 1
| /* end confdefs.h.  */
| #include <vmware.h>
configure:13547: result: no
configure:13547: checking for vmware.h
configure:13547: result: no
configure:13568: checking for MSVC x64 compiler
configure:13581: result: no
configure:13585: checking windows.h usability
configure:13585: gcc -c -g -O2  conftest.c >&5
conftest.c:64:21: fatal error: windows.h: No such file or directory
compilation terminated.
configure:13585: $? = 1
configure: failed program was:
| /* confdefs.h */
| #define PACKAGE_NAME "openvswitch"
| #define PACKAGE_TARNAME "openvswitch"
| #define PACKAGE_VERSION "2.7.2"
| #define PACKAGE_STRING "openvswitch 2.7.2"
| #define PACKAGE_BUGREPORT "bugs@openvswitch.org"
| #define PACKAGE_URL ""
| #define PACKAGE "openvswitch"
| #define VERSION "2.7.2"
| #define STDC_HEADERS 1
| #define HAVE_SYS_TYPES_H 1
| #define HAVE_SYS_STAT_H 1
| #define HAVE_STDLIB_H 1
| #define HAVE_STRING_H 1
| #define HAVE_MEMORY_H 1
| #define HAVE_STRINGS_H 1
| #define HAVE_INTTYPES_H 1
| #define HAVE_STDINT_H 1
| #define HAVE_UNISTD_H 1
| #define __EXTENSIONS__ 1
| #define _ALL_SOURCE 1
| #define _GNU_SOURCE 1
| #define _POSIX_PTHREAD_SEMANTICS 1
| #define _TANDEM_SOURCE 1
| #define HAVE_DLFCN_H 1
| #define LT_OBJDIR ".libs/"
| #define HAVE_DECL_STRERROR_R 1
| #define HAVE_STRERROR_R 1
| #define STRERROR_R_CHAR_P 1
| /* end confdefs.h.  */
| #include <stdio.h>
| #ifdef HAVE_SYS_TYPES_H
| # include <sys/types.h>
| #endif
| #ifdef HAVE_SYS_STAT_H
| # include <sys/stat.h>
| #endif
| #ifdef STDC_HEADERS
| # include <stdlib.h>
| # include <stddef.h>
| #else
| # ifdef HAVE_STDLIB_H
| #  include <stdlib.h>
| # endif
| #endif
| #ifdef HAVE_STRING_H
| # if !defined STDC_HEADERS && defined HAVE_MEMORY_H
| #  include <memory.h>
| # endif
| # include <string.h>
| #endif
| #ifdef HAVE_STRINGS_H
| # include <strings.h>
| #endif
| #ifdef HAVE_INTTYPES_H
| # include <inttypes.h>
| #endif
| #ifdef HAVE_STDINT_H
| # include <stdint.h>
| #endif
| #ifdef HAVE_UNISTD_H
| # include <unistd.h>
| #endif
| #include <windows.h>
configure:13585: result: no
configure:13585: checking windows.h presence
configure:13585: gcc -E  conftest.c
conftest.c:31:21: fatal error: windows.h: No such file or directory
compilation terminated.
configure:13585: $? = 1
configure: failed program was:
| /* confdefs.h */
| #define PACKAGE_NAME "openvswitch"
| #define PACKAGE_TARNAME "openvswitch"
| #define PACKAGE_VERSION "2.7.2"
| #define PACKAGE_STRING "openvswitch 2.7.2"
| #define PACKAGE_BUGREPORT "bugs@openvswitch.org"
| #define PACKAGE_URL ""
| #define PACKAGE "openvswitch"
| #define VERSION "2.7.2"
| #define STDC_HEADERS 1
| #define HAVE_SYS_TYPES_H 1
| #define HAVE_SYS_STAT_H 1
| #define HAVE_STDLIB_H 1
| #define HAVE_STRING_H 1
| #define HAVE_MEMORY_H 1
| #define HAVE_STRINGS_H 1
| #define HAVE_INTTYPES_H 1
| #define HAVE_STDINT_H 1
| #define HAVE_UNISTD_H 1
| #define __EXTENSIONS__ 1
| #define _ALL_SOURCE 1
| #define _GNU_SOURCE 1
| #define _POSIX_PTHREAD_SEMANTICS 1
| #define _TANDEM_SOURCE 1
| #define HAVE_DLFCN_H 1
| #define LT_OBJDIR ".libs/"
| #define HAVE_DECL_STRERROR_R 1
| #define HAVE_STRERROR_R 1
| #define STRERROR_R_CHAR_P 1
| /* end confdefs.h.  */
| #include <windows.h>
configure:13585: result: no
configure:13585: checking for windows.h
configure:13585: result: no
configure:13745: checking for linux/netlink.h
configure:13745: gcc -c -g -O2  conftest.c >&5
configure:13745: $? = 0
configure:13745: result: yes
configure:13801: checking for pkg-config
configure:13819: found /usr/bin/pkg-config
configure:13831: result: /usr/bin/pkg-config
configure:13891: checking whether compiling and linking against OpenSSL works
Trying link with SSL_LDFLAGS=; SSL_LIBS=-lssl -lcrypto; SSL_INCLUDES=
configure:13913: gcc -o conftest -g -O2     conftest.c -lssl -lcrypto -lpthread -lrt -lm  >&5
configure:13913: $? = 0
configure:13915: result: yes
configure:13982: checking for capng_clear in -lcap-ng
configure:14007: gcc -o conftest -g -O2   conftest.c -lcap-ng  -lpthread -lrt -lm  >&5
/usr/bin/ld: cannot find -lcap-ng
collect2: error: ld returned 1 exit status
configure:14007: $? = 1
configure: failed program was:
| /* confdefs.h */
| #define PACKAGE_NAME "openvswitch"
| #define PACKAGE_TARNAME "openvswitch"
| #define PACKAGE_VERSION "2.7.2"
| #define PACKAGE_STRING "openvswitch 2.7.2"
| #define PACKAGE_BUGREPORT "bugs@openvswitch.org"
| #define PACKAGE_URL ""
| #define PACKAGE "openvswitch"
| #define VERSION "2.7.2"
| #define STDC_HEADERS 1
| #define HAVE_SYS_TYPES_H 1
| #define HAVE_SYS_STAT_H 1
| #define HAVE_STDLIB_H 1
| #define HAVE_STRING_H 1
| #define HAVE_MEMORY_H 1
| #define HAVE_STRINGS_H 1
| #define HAVE_INTTYPES_H 1
| #define HAVE_STDINT_H 1
| #define HAVE_UNISTD_H 1
| #define __EXTENSIONS__ 1
| #define _ALL_SOURCE 1
| #define _GNU_SOURCE 1
| #define _POSIX_PTHREAD_SEMANTICS 1
| #define _TANDEM_SOURCE 1
| #define HAVE_DLFCN_H 1
| #define LT_OBJDIR ".libs/"
| #define HAVE_DECL_STRERROR_R 1
| #define HAVE_STRERROR_R 1
| #define STRERROR_R_CHAR_P 1
| #define VSTUDIO_DDK 1
| #define HAVE_NETLINK 1
| #define HAVE_OPENSSL 1
| /* end confdefs.h.  */
| 
| /* Override any GCC internal prototype to avoid an error.
|    Use char because int might match the return type of a GCC
|    builtin and then its argument prototype would still apply.  */
| #ifdef __cplusplus
| extern "C"
| #endif
| char capng_clear ();
| int
| main ()
| {
| return capng_clear ();
|   ;
|   return 0;
| }
configure:14016: result: no
configure:14030: WARNING: cannot find libcap-ng.
--user option will not be supported on Linux.
(you may use --disable-libcapng to suppress this warning). 
configure:14063: checking for Python 2.x for x >= 7
configure:14096: result: /usr/bin/python
configure:14116: checking for Python 3.x for x >= 4
configure:14149: result: /usr/bin/python3
configure:14169: checking for flake8
configure:14180: result: no
configure:14190: checking for sphinx
configure:14201: result: no
configure:14211: checking for dot
configure:14222: result: yes
configure:14232: checking net/if_packet.h usability
configure:14232: gcc -c -g -O2  conftest.c >&5
configure:14232: $? = 0
configure:14232: result: yes
configure:14232: checking net/if_packet.h presence
configure:14232: gcc -E  conftest.c
configure:14232: $? = 0
configure:14232: result: yes
configure:14232: checking for net/if_packet.h
configure:14232: result: yes
configure:14253: checking net/if_dl.h usability
configure:14253: gcc -c -g -O2  conftest.c >&5
conftest.c:68:23: fatal error: net/if_dl.h: No such file or directory
compilation terminated.
configure:14253: $? = 1
configure: failed program was:
| /* confdefs.h */
| #define PACKAGE_NAME "openvswitch"
| #define PACKAGE_TARNAME "openvswitch"
| #define PACKAGE_VERSION "2.7.2"
| #define PACKAGE_STRING "openvswitch 2.7.2"
| #define PACKAGE_BUGREPORT "bugs@openvswitch.org"
| #define PACKAGE_URL ""
| #define PACKAGE "openvswitch"
| #define VERSION "2.7.2"
| #define STDC_HEADERS 1
| #define HAVE_SYS_TYPES_H 1
| #define HAVE_SYS_STAT_H 1
| #define HAVE_STDLIB_H 1
| #define HAVE_STRING_H 1
| #define HAVE_MEMORY_H 1
| #define HAVE_STRINGS_H 1
| #define HAVE_INTTYPES_H 1
| #define HAVE_STDINT_H 1
| #define HAVE_UNISTD_H 1
| #define __EXTENSIONS__ 1
| #define _ALL_SOURCE 1
| #define _GNU_SOURCE 1
| #define _POSIX_PTHREAD_SEMANTICS 1
| #define _TANDEM_SOURCE 1
| #define HAVE_DLFCN_H 1
| #define LT_OBJDIR ".libs/"
| #define HAVE_DECL_STRERROR_R 1
| #define HAVE_STRERROR_R 1
| #define STRERROR_R_CHAR_P 1
| #define VSTUDIO_DDK 1
| #define HAVE_NETLINK 1
| #define HAVE_OPENSSL 1
| #define HAVE_IF_PACKET 1
| /* end confdefs.h.  */
| #include <stdio.h>
| #ifdef HAVE_SYS_TYPES_H
| # include <sys/types.h>
| #endif
| #ifdef HAVE_SYS_STAT_H
| # include <sys/stat.h>
| #endif
| #ifdef STDC_HEADERS
| # include <stdlib.h>
| # include <stddef.h>
| #else
| # ifdef HAVE_STDLIB_H
| #  include <stdlib.h>
| # endif
| #endif
| #ifdef HAVE_STRING_H
| # if !defined STDC_HEADERS && defined HAVE_MEMORY_H
| #  include <memory.h>
| # endif
| # include <string.h>
| #endif
| #ifdef HAVE_STRINGS_H
| # include <strings.h>
| #endif
| #ifdef HAVE_INTTYPES_H
| # include <inttypes.h>
| #endif
| #ifdef HAVE_STDINT_H
| # include <stdint.h>
| #endif
| #ifdef HAVE_UNISTD_H
| # include <unistd.h>
| #endif
| #include <net/if_dl.h>
configure:14253: result: no
configure:14253: checking net/if_dl.h presence
configure:14253: gcc -E  conftest.c
conftest.c:35:23: fatal error: net/if_dl.h: No such file or directory
compilation terminated.
configure:14253: $? = 1
configure: failed program was:
| /* confdefs.h */
| #define PACKAGE_NAME "openvswitch"
| #define PACKAGE_TARNAME "openvswitch"
| #define PACKAGE_VERSION "2.7.2"
| #define PACKAGE_STRING "openvswitch 2.7.2"
| #define PACKAGE_BUGREPORT "bugs@openvswitch.org"
| #define PACKAGE_URL ""
| #define PACKAGE "openvswitch"
| #define VERSION "2.7.2"
| #define STDC_HEADERS 1
| #define HAVE_SYS_TYPES_H 1
| #define HAVE_SYS_STAT_H 1
| #define HAVE_STDLIB_H 1
| #define HAVE_STRING_H 1
| #define HAVE_MEMORY_H 1
| #define HAVE_STRINGS_H 1
| #define HAVE_INTTYPES_H 1
| #define HAVE_STDINT_H 1
| #define HAVE_UNISTD_H 1
| #define __EXTENSIONS__ 1
| #define _ALL_SOURCE 1
| #define _GNU_SOURCE 1
| #define _POSIX_PTHREAD_SEMANTICS 1
| #define _TANDEM_SOURCE 1
| #define HAVE_DLFCN_H 1
| #define LT_OBJDIR ".libs/"
| #define HAVE_DECL_STRERROR_R 1
| #define HAVE_STRERROR_R 1
| #define STRERROR_R_CHAR_P 1
| #define VSTUDIO_DDK 1
| #define HAVE_NETLINK 1
| #define HAVE_OPENSSL 1
| #define HAVE_IF_PACKET 1
| /* end confdefs.h.  */
| #include <net/if_dl.h>
configure:14253: result: no
configure:14253: checking for net/if_dl.h
configure:14253: result: no
configure:14332: checking whether strtok_r macro segfaults on some inputs
configure:14368: gcc -o conftest -g -O2   conftest.c -lpthread -lrt -lm  >&5
conftest.c: In function 'main':
conftest.c:52:28: warning: ignoring return value of 'freopen', declared with attribute warn_unused_result [-Wunused-result]
                            freopen ("/dev/null", "w", stdout);
                            ^
configure:14368: $? = 0
configure:14368: ./conftest
configure:14368: $? = 0
configure:14378: result: no
configure:14386: checking whether sys_siglist is declared
configure:14386: gcc -c -g -O2  conftest.c >&5
configure:14386: $? = 0
configure:14386: result: yes
configure:14398: checking for struct stat.st_mtim.tv_nsec
configure:14398: gcc -c -g -O2  conftest.c >&5
configure:14398: $? = 0
configure:14398: result: yes
configure:14408: checking for struct stat.st_mtimensec
configure:14408: gcc -c -g -O2  conftest.c >&5
conftest.c: In function 'main':
conftest.c:43:12: error: 'struct stat' has no member named 'st_mtimensec'
 if (ac_aggr.st_mtimensec)
            ^
configure:14408: $? = 1
configure: failed program was:
| /* confdefs.h */
| #define PACKAGE_NAME "openvswitch"
| #define PACKAGE_TARNAME "openvswitch"
| #define PACKAGE_VERSION "2.7.2"
| #define PACKAGE_STRING "openvswitch 2.7.2"
| #define PACKAGE_BUGREPORT "bugs@openvswitch.org"
| #define PACKAGE_URL ""
| #define PACKAGE "openvswitch"
| #define VERSION "2.7.2"
| #define STDC_HEADERS 1
| #define HAVE_SYS_TYPES_H 1
| #define HAVE_SYS_STAT_H 1
| #define HAVE_STDLIB_H 1
| #define HAVE_STRING_H 1
| #define HAVE_MEMORY_H 1
| #define HAVE_STRINGS_H 1
| #define HAVE_INTTYPES_H 1
| #define HAVE_STDINT_H 1
| #define HAVE_UNISTD_H 1
| #define __EXTENSIONS__ 1
| #define _ALL_SOURCE 1
| #define _GNU_SOURCE 1
| #define _POSIX_PTHREAD_SEMANTICS 1
| #define _TANDEM_SOURCE 1
| #define HAVE_DLFCN_H 1
| #define LT_OBJDIR ".libs/"
| #define HAVE_DECL_STRERROR_R 1
| #define HAVE_STRERROR_R 1
| #define STRERROR_R_CHAR_P 1
| #define VSTUDIO_DDK 1
| #define HAVE_NETLINK 1
| #define HAVE_OPENSSL 1
| #define HAVE_IF_PACKET 1
| #define HAVE_DECL_SYS_SIGLIST 1
| #define HAVE_STRUCT_STAT_ST_MTIM_TV_NSEC 1
| /* end confdefs.h.  */
| #include <sys/stat.h>
| 
| int
| main ()
| {
| static struct stat ac_aggr;
| if (ac_aggr.st_mtimensec)
| return 0;
|   ;
|   return 0;
| }
configure:14408: gcc -c -g -O2  conftest.c >&5
conftest.c: In function 'main':
conftest.c:43:19: error: 'struct stat' has no member named 'st_mtimensec'
 if (sizeof ac_aggr.st_mtimensec)
                   ^
configure:14408: $? = 1
configure: failed program was:
| /* confdefs.h */
| #define PACKAGE_NAME "openvswitch"
| #define PACKAGE_TARNAME "openvswitch"
| #define PACKAGE_VERSION "2.7.2"
| #define PACKAGE_STRING "openvswitch 2.7.2"
| #define PACKAGE_BUGREPORT "bugs@openvswitch.org"
| #define PACKAGE_URL ""
| #define PACKAGE "openvswitch"
| #define VERSION "2.7.2"
| #define STDC_HEADERS 1
| #define HAVE_SYS_TYPES_H 1
| #define HAVE_SYS_STAT_H 1
| #define HAVE_STDLIB_H 1
| #define HAVE_STRING_H 1
| #define HAVE_MEMORY_H 1
| #define HAVE_STRINGS_H 1
| #define HAVE_INTTYPES_H 1
| #define HAVE_STDINT_H 1
| #define HAVE_UNISTD_H 1
| #define __EXTENSIONS__ 1
| #define _ALL_SOURCE 1
| #define _GNU_SOURCE 1
| #define _POSIX_PTHREAD_SEMANTICS 1
| #define _TANDEM_SOURCE 1
| #define HAVE_DLFCN_H 1
| #define LT_OBJDIR ".libs/"
| #define HAVE_DECL_STRERROR_R 1
| #define HAVE_STRERROR_R 1
| #define STRERROR_R_CHAR_P 1
| #define VSTUDIO_DDK 1
| #define HAVE_NETLINK 1
| #define HAVE_OPENSSL 1
| #define HAVE_IF_PACKET 1
| #define HAVE_DECL_SYS_SIGLIST 1
| #define HAVE_STRUCT_STAT_ST_MTIM_TV_NSEC 1
| /* end confdefs.h.  */
| #include <sys/stat.h>
| 
| int
| main ()
| {
| static struct stat ac_aggr;
| if (sizeof ac_aggr.st_mtimensec)
| return 0;
|   ;
|   return 0;
| }
configure:14408: result: no
configure:14419: checking for struct ifreq.ifr_flagshigh
configure:14419: gcc -c -g -O2  conftest.c >&5
conftest.c: In function 'main':
conftest.c:43:12: error: 'struct ifreq' has no member named 'ifr_flagshigh'
 if (ac_aggr.ifr_flagshigh)
            ^
configure:14419: $? = 1
configure: failed program was:
| /* confdefs.h */
| #define PACKAGE_NAME "openvswitch"
| #define PACKAGE_TARNAME "openvswitch"
| #define PACKAGE_VERSION "2.7.2"
| #define PACKAGE_STRING "openvswitch 2.7.2"
| #define PACKAGE_BUGREPORT "bugs@openvswitch.org"
| #define PACKAGE_URL ""
| #define PACKAGE "openvswitch"
| #define VERSION "2.7.2"
| #define STDC_HEADERS 1
| #define HAVE_SYS_TYPES_H 1
| #define HAVE_SYS_STAT_H 1
| #define HAVE_STDLIB_H 1
| #define HAVE_STRING_H 1
| #define HAVE_MEMORY_H 1
| #define HAVE_STRINGS_H 1
| #define HAVE_INTTYPES_H 1
| #define HAVE_STDINT_H 1
| #define HAVE_UNISTD_H 1
| #define __EXTENSIONS__ 1
| #define _ALL_SOURCE 1
| #define _GNU_SOURCE 1
| #define _POSIX_PTHREAD_SEMANTICS 1
| #define _TANDEM_SOURCE 1
| #define HAVE_DLFCN_H 1
| #define LT_OBJDIR ".libs/"
| #define HAVE_DECL_STRERROR_R 1
| #define HAVE_STRERROR_R 1
| #define STRERROR_R_CHAR_P 1
| #define VSTUDIO_DDK 1
| #define HAVE_NETLINK 1
| #define HAVE_OPENSSL 1
| #define HAVE_IF_PACKET 1
| #define HAVE_DECL_SYS_SIGLIST 1
| #define HAVE_STRUCT_STAT_ST_MTIM_TV_NSEC 1
| /* end confdefs.h.  */
| #include <net/if.h>
| 
| int
| main ()
| {
| static struct ifreq ac_aggr;
| if (ac_aggr.ifr_flagshigh)
| return 0;
|   ;
|   return 0;
| }
configure:14419: gcc -c -g -O2  conftest.c >&5
conftest.c: In function 'main':
conftest.c:43:19: error: 'struct ifreq' has no member named 'ifr_flagshigh'
 if (sizeof ac_aggr.ifr_flagshigh)
                   ^
configure:14419: $? = 1
configure: failed program was:
| /* confdefs.h */
| #define PACKAGE_NAME "openvswitch"
| #define PACKAGE_TARNAME "openvswitch"
| #define PACKAGE_VERSION "2.7.2"
| #define PACKAGE_STRING "openvswitch 2.7.2"
| #define PACKAGE_BUGREPORT "bugs@openvswitch.org"
| #define PACKAGE_URL ""
| #define PACKAGE "openvswitch"
| #define VERSION "2.7.2"
| #define STDC_HEADERS 1
| #define HAVE_SYS_TYPES_H 1
| #define HAVE_SYS_STAT_H 1
| #define HAVE_STDLIB_H 1
| #define HAVE_STRING_H 1
| #define HAVE_MEMORY_H 1
| #define HAVE_STRINGS_H 1
| #define HAVE_INTTYPES_H 1
| #define HAVE_STDINT_H 1
| #define HAVE_UNISTD_H 1
| #define __EXTENSIONS__ 1
| #define _ALL_SOURCE 1
| #define _GNU_SOURCE 1
| #define _POSIX_PTHREAD_SEMANTICS 1
| #define _TANDEM_SOURCE 1
| #define HAVE_DLFCN_H 1
| #define LT_OBJDIR ".libs/"
| #define HAVE_DECL_STRERROR_R 1
| #define HAVE_STRERROR_R 1
| #define STRERROR_R_CHAR_P 1
| #define VSTUDIO_DDK 1
| #define HAVE_NETLINK 1
| #define HAVE_OPENSSL 1
| #define HAVE_IF_PACKET 1
| #define HAVE_DECL_SYS_SIGLIST 1
| #define HAVE_STRUCT_STAT_ST_MTIM_TV_NSEC 1
| /* end confdefs.h.  */
| #include <net/if.h>
| 
| int
| main ()
| {
| static struct ifreq ac_aggr;
| if (sizeof ac_aggr.ifr_flagshigh)
| return 0;
|   ;
|   return 0;
| }
configure:14419: result: no
configure:14433: checking for mlockall
configure:14433: gcc -o conftest -g -O2   conftest.c -lpthread -lrt -lm  >&5
configure:14433: $? = 0
configure:14433: result: yes
configure:14433: checking for strnlen
configure:14433: gcc -o conftest -g -O2   conftest.c -lpthread -lrt -lm  >&5
configure:14433: $? = 0
configure:14433: result: yes
configure:14433: checking for getloadavg
configure:14433: gcc -o conftest -g -O2   conftest.c -lpthread -lrt -lm  >&5
configure:14433: $? = 0
configure:14433: result: yes
configure:14433: checking for statvfs
configure:14433: gcc -o conftest -g -O2   conftest.c -lpthread -lrt -lm  >&5
configure:14433: $? = 0
configure:14433: result: yes
configure:14433: checking for getmntent_r
configure:14433: gcc -o conftest -g -O2   conftest.c -lpthread -lrt -lm  >&5
configure:14433: $? = 0
configure:14433: result: yes
configure:14445: checking mntent.h usability
configure:14445: gcc -c -g -O2  conftest.c >&5
configure:14445: $? = 0
configure:14445: result: yes
configure:14445: checking mntent.h presence
configure:14445: gcc -E  conftest.c
configure:14445: $? = 0
configure:14445: result: yes
configure:14445: checking for mntent.h
configure:14445: result: yes
configure:14445: checking sys/statvfs.h usability
configure:14445: gcc -c -g -O2  conftest.c >&5
configure:14445: $? = 0
configure:14445: result: yes
configure:14445: checking sys/statvfs.h presence
configure:14445: gcc -E  conftest.c
configure:14445: $? = 0
configure:14445: result: yes
configure:14445: checking for sys/statvfs.h
configure:14445: result: yes
configure:14445: checking linux/types.h usability
configure:14445: gcc -c -g -O2  conftest.c >&5
configure:14445: $? = 0
configure:14445: result: yes
configure:14445: checking linux/types.h presence
configure:14445: gcc -E  conftest.c
configure:14445: $? = 0
configure:14445: result: yes
configure:14445: checking for linux/types.h
configure:14445: result: yes
configure:14445: checking linux/if_ether.h usability
configure:14445: gcc -c -g -O2  conftest.c >&5
configure:14445: $? = 0
configure:14445: result: yes
configure:14445: checking linux/if_ether.h presence
configure:14445: gcc -E  conftest.c
configure:14445: $? = 0
configure:14445: result: yes
configure:14445: checking for linux/if_ether.h
configure:14445: result: yes
configure:14445: checking stdatomic.h usability
configure:14445: gcc -c -g -O2  conftest.c >&5
configure:14445: $? = 0
configure:14445: result: yes
configure:14445: checking stdatomic.h presence
configure:14445: gcc -E  conftest.c
configure:14445: $? = 0
configure:14445: result: yes
configure:14445: checking for stdatomic.h
configure:14445: result: yes
configure:14457: checking for net/if_mib.h
configure:14457: gcc -c -g -O2  conftest.c >&5
conftest.c:50:24: fatal error: net/if_mib.h: No such file or directory
compilation terminated.
configure:14457: $? = 1
configure: failed program was:
| /* confdefs.h */
| #define PACKAGE_NAME "openvswitch"
| #define PACKAGE_TARNAME "openvswitch"
| #define PACKAGE_VERSION "2.7.2"
| #define PACKAGE_STRING "openvswitch 2.7.2"
| #define PACKAGE_BUGREPORT "bugs@openvswitch.org"
| #define PACKAGE_URL ""
| #define PACKAGE "openvswitch"
| #define VERSION "2.7.2"
| #define STDC_HEADERS 1
| #define HAVE_SYS_TYPES_H 1
| #define HAVE_SYS_STAT_H 1
| #define HAVE_STDLIB_H 1
| #define HAVE_STRING_H 1
| #define HAVE_MEMORY_H 1
| #define HAVE_STRINGS_H 1
| #define HAVE_INTTYPES_H 1
| #define HAVE_STDINT_H 1
| #define HAVE_UNISTD_H 1
| #define __EXTENSIONS__ 1
| #define _ALL_SOURCE 1
| #define _GNU_SOURCE 1
| #define _POSIX_PTHREAD_SEMANTICS 1
| #define _TANDEM_SOURCE 1
| #define HAVE_DLFCN_H 1
| #define LT_OBJDIR ".libs/"
| #define HAVE_DECL_STRERROR_R 1
| #define HAVE_STRERROR_R 1
| #define STRERROR_R_CHAR_P 1
| #define VSTUDIO_DDK 1
| #define HAVE_NETLINK 1
| #define HAVE_OPENSSL 1
| #define HAVE_IF_PACKET 1
| #define HAVE_DECL_SYS_SIGLIST 1
| #define HAVE_STRUCT_STAT_ST_MTIM_TV_NSEC 1
| #define HAVE_MLOCKALL 1
| #define HAVE_STRNLEN 1
| #define HAVE_GETLOADAVG 1
| #define HAVE_STATVFS 1
| #define HAVE_GETMNTENT_R 1
| #define HAVE_MNTENT_H 1
| #define HAVE_SYS_STATVFS_H 1
| #define HAVE_LINUX_TYPES_H 1
| #define HAVE_LINUX_IF_ETHER_H 1
| #define HAVE_STDATOMIC_H 1
| /* end confdefs.h.  */
| #include <sys/types.h>
| #include <net/if.h>
| 
| #include <net/if_mib.h>
configure:14457: result: no
configure:14497: checking for library containing backtrace
configure:14528: gcc -o conftest -g -O2   conftest.c -lpthread -lrt -lm  >&5
configure:14528: $? = 0
configure:14545: result: none required
configure:14557: checking linux/perf_event.h usability
configure:14557: gcc -c -g -O2  conftest.c >&5
configure:14557: $? = 0
configure:14557: result: yes
configure:14557: checking linux/perf_event.h presence
configure:14557: gcc -E  conftest.c
configure:14557: $? = 0
configure:14557: result: yes
configure:14557: checking for linux/perf_event.h
configure:14557: result: yes
configure:14569: checking valgrind/valgrind.h usability
configure:14569: gcc -c -g -O2  conftest.c >&5
configure:14569: $? = 0
configure:14569: result: yes
configure:14569: checking valgrind/valgrind.h presence
configure:14569: gcc -E  conftest.c
configure:14569: $? = 0
configure:14569: result: yes
configure:14569: checking for valgrind/valgrind.h
configure:14569: result: yes
configure:14579: checking for connect in -lsocket
configure:14604: gcc -o conftest -g -O2   conftest.c -lsocket  -lpthread -lrt -lm  >&5
/usr/bin/ld: cannot find -lsocket
collect2: error: ld returned 1 exit status
configure:14604: $? = 1
configure: failed program was:
| /* confdefs.h */
| #define PACKAGE_NAME "openvswitch"
| #define PACKAGE_TARNAME "openvswitch"
| #define PACKAGE_VERSION "2.7.2"
| #define PACKAGE_STRING "openvswitch 2.7.2"
| #define PACKAGE_BUGREPORT "bugs@openvswitch.org"
| #define PACKAGE_URL ""
| #define PACKAGE "openvswitch"
| #define VERSION "2.7.2"
| #define STDC_HEADERS 1
| #define HAVE_SYS_TYPES_H 1
| #define HAVE_SYS_STAT_H 1
| #define HAVE_STDLIB_H 1
| #define HAVE_STRING_H 1
| #define HAVE_MEMORY_H 1
| #define HAVE_STRINGS_H 1
| #define HAVE_INTTYPES_H 1
| #define HAVE_STDINT_H 1
| #define HAVE_UNISTD_H 1
| #define __EXTENSIONS__ 1
| #define _ALL_SOURCE 1
| #define _GNU_SOURCE 1
| #define _POSIX_PTHREAD_SEMANTICS 1
| #define _TANDEM_SOURCE 1
| #define HAVE_DLFCN_H 1
| #define LT_OBJDIR ".libs/"
| #define HAVE_DECL_STRERROR_R 1
| #define HAVE_STRERROR_R 1
| #define STRERROR_R_CHAR_P 1
| #define VSTUDIO_DDK 1
| #define HAVE_NETLINK 1
| #define HAVE_OPENSSL 1
| #define HAVE_IF_PACKET 1
| #define HAVE_DECL_SYS_SIGLIST 1
| #define HAVE_STRUCT_STAT_ST_MTIM_TV_NSEC 1
| #define HAVE_MLOCKALL 1
| #define HAVE_STRNLEN 1
| #define HAVE_GETLOADAVG 1
| #define HAVE_STATVFS 1
| #define HAVE_GETMNTENT_R 1
| #define HAVE_MNTENT_H 1
| #define HAVE_SYS_STATVFS_H 1
| #define HAVE_LINUX_TYPES_H 1
| #define HAVE_LINUX_IF_ETHER_H 1
| #define HAVE_STDATOMIC_H 1
| #define HAVE_BACKTRACE 1
| #define HAVE_LINUX_PERF_EVENT_H 1
| #define HAVE_VALGRIND_VALGRIND_H 1
| /* end confdefs.h.  */
| 
| /* Override any GCC internal prototype to avoid an error.
|    Use char because int might match the return type of a GCC
|    builtin and then its argument prototype would still apply.  */
| #ifdef __cplusplus
| extern "C"
| #endif
| char connect ();
| int
| main ()
| {
| return connect ();
|   ;
|   return 0;
| }
configure:14613: result: no
configure:14624: checking for library containing gethostbyname
configure:14655: gcc -o conftest -g -O2   conftest.c -lpthread -lrt -lm  >&5
configure:14655: $? = 0
configure:14672: result: none required
configure:14680: checking XenServer release
configure:14692: result: none
configure:14704: checking for groff
configure:14715: result: yes
configure:14725: checking whether make is GNU make
configure:14731: invoking make --version:
GNU Make 4.1
Built for x86_64-pc-linux-gnu
Copyright (C) 1988-2014 Free Software Foundation, Inc.
License GPLv3+: GNU GPL version 3 or later <http://gnu.org/licenses/gpl.html>
This is free software: you are free to change and redistribute it.
There is NO WARRANTY, to the extent permitted by law.
configure:14742: result: yes
configure:14752: checking whether gcc has <threads.h> that supports thread_local
configure:14769: gcc -o conftest -g -O2   conftest.c -lpthread -lrt -lm  >&5
conftest.c:50:21: fatal error: threads.h: No such file or directory
compilation terminated.
configure:14769: $? = 1
configure: failed program was:
| /* confdefs.h */
| #define PACKAGE_NAME "openvswitch"
| #define PACKAGE_TARNAME "openvswitch"
| #define PACKAGE_VERSION "2.7.2"
| #define PACKAGE_STRING "openvswitch 2.7.2"
| #define PACKAGE_BUGREPORT "bugs@openvswitch.org"
| #define PACKAGE_URL ""
| #define PACKAGE "openvswitch"
| #define VERSION "2.7.2"
| #define STDC_HEADERS 1
| #define HAVE_SYS_TYPES_H 1
| #define HAVE_SYS_STAT_H 1
| #define HAVE_STDLIB_H 1
| #define HAVE_STRING_H 1
| #define HAVE_MEMORY_H 1
| #define HAVE_STRINGS_H 1
| #define HAVE_INTTYPES_H 1
| #define HAVE_STDINT_H 1
| #define HAVE_UNISTD_H 1
| #define __EXTENSIONS__ 1
| #define _ALL_SOURCE 1
| #define _GNU_SOURCE 1
| #define _POSIX_PTHREAD_SEMANTICS 1
| #define _TANDEM_SOURCE 1
| #define HAVE_DLFCN_H 1
| #define LT_OBJDIR ".libs/"
| #define HAVE_DECL_STRERROR_R 1
| #define HAVE_STRERROR_R 1
| #define STRERROR_R_CHAR_P 1
| #define VSTUDIO_DDK 1
| #define HAVE_NETLINK 1
| #define HAVE_OPENSSL 1
| #define HAVE_IF_PACKET 1
| #define HAVE_DECL_SYS_SIGLIST 1
| #define HAVE_STRUCT_STAT_ST_MTIM_TV_NSEC 1
| #define HAVE_MLOCKALL 1
| #define HAVE_STRNLEN 1
| #define HAVE_GETLOADAVG 1
| #define HAVE_STATVFS 1
| #define HAVE_GETMNTENT_R 1
| #define HAVE_MNTENT_H 1
| #define HAVE_SYS_STATVFS_H 1
| #define HAVE_LINUX_TYPES_H 1
| #define HAVE_LINUX_IF_ETHER_H 1
| #define HAVE_STDATOMIC_H 1
| #define HAVE_BACKTRACE 1
| #define HAVE_LINUX_PERF_EVENT_H 1
| #define HAVE_VALGRIND_VALGRIND_H 1
| /* end confdefs.h.  */
| #include <threads.h>
| static thread_local int var;
| int
| main ()
| {
| return var;
|   ;
|   return 0;
| }
configure:14777: result: no
configure:14784: checking whether gcc supports __thread
configure:14800: gcc -o conftest -g -O2   conftest.c -lpthread -lrt -lm  >&5
configure:14800: $? = 0
configure:14808: result: yes
configure:14816: checking for library containing __atomic_load_8
configure:14847: gcc -o conftest -g -O2   conftest.c -lpthread -lrt -lm  >&5
conftest.c:58:6: warning: conflicting types for built-in function '__atomic_load_8'
 char __atomic_load_8 ();
      ^
/tmp/cc3kDmDL.o: In function `main':
/home/shengliu/Workspace/ovs_hehe_test/conftest.c:62: undefined reference to `__atomic_load_8'
collect2: error: ld returned 1 exit status
configure:14847: $? = 1
configure: failed program was:
| /* confdefs.h */
| #define PACKAGE_NAME "openvswitch"
| #define PACKAGE_TARNAME "openvswitch"
| #define PACKAGE_VERSION "2.7.2"
| #define PACKAGE_STRING "openvswitch 2.7.2"
| #define PACKAGE_BUGREPORT "bugs@openvswitch.org"
| #define PACKAGE_URL ""
| #define PACKAGE "openvswitch"
| #define VERSION "2.7.2"
| #define STDC_HEADERS 1
| #define HAVE_SYS_TYPES_H 1
| #define HAVE_SYS_STAT_H 1
| #define HAVE_STDLIB_H 1
| #define HAVE_STRING_H 1
| #define HAVE_MEMORY_H 1
| #define HAVE_STRINGS_H 1
| #define HAVE_INTTYPES_H 1
| #define HAVE_STDINT_H 1
| #define HAVE_UNISTD_H 1
| #define __EXTENSIONS__ 1
| #define _ALL_SOURCE 1
| #define _GNU_SOURCE 1
| #define _POSIX_PTHREAD_SEMANTICS 1
| #define _TANDEM_SOURCE 1
| #define HAVE_DLFCN_H 1
| #define LT_OBJDIR ".libs/"
| #define HAVE_DECL_STRERROR_R 1
| #define HAVE_STRERROR_R 1
| #define STRERROR_R_CHAR_P 1
| #define VSTUDIO_DDK 1
| #define HAVE_NETLINK 1
| #define HAVE_OPENSSL 1
| #define HAVE_IF_PACKET 1
| #define HAVE_DECL_SYS_SIGLIST 1
| #define HAVE_STRUCT_STAT_ST_MTIM_TV_NSEC 1
| #define HAVE_MLOCKALL 1
| #define HAVE_STRNLEN 1
| #define HAVE_GETLOADAVG 1
| #define HAVE_STATVFS 1
| #define HAVE_GETMNTENT_R 1
| #define HAVE_MNTENT_H 1
| #define HAVE_SYS_STATVFS_H 1
| #define HAVE_LINUX_TYPES_H 1
| #define HAVE_LINUX_IF_ETHER_H 1
| #define HAVE_STDATOMIC_H 1
| #define HAVE_BACKTRACE 1
| #define HAVE_LINUX_PERF_EVENT_H 1
| #define HAVE_VALGRIND_VALGRIND_H 1
| #define HAVE___THREAD 1
| /* end confdefs.h.  */
| 
| /* Override any GCC internal prototype to avoid an error.
|    Use char because int might match the return type of a GCC
|    builtin and then its argument prototype would still apply.  */
| #ifdef __cplusplus
| extern "C"
| #endif
| char __atomic_load_8 ();
| int
| main ()
| {
| return __atomic_load_8 ();
|   ;
|   return 0;
| }
configure:14847: gcc -o conftest -g -O2   conftest.c -latomic  -lpthread -lrt -lm  >&5
conftest.c:58:6: warning: conflicting types for built-in function '__atomic_load_8'
 char __atomic_load_8 ();
      ^
configure:14847: $? = 0
configure:14864: result: -latomic
configure:14872: checking whether gcc supports GCC 4.0+ atomic built-ins
configure:14939: gcc -o conftest -g -O2   conftest.c -latomic -lpthread -lrt -lm  >&5
configure:14939: $? = 0
configure:14947: result: yes
configure:14954: checking value of __atomic_always_lock_free(1)
configure:14959: gcc -o conftest -g -O2   conftest.c -latomic -lpthread -lrt -lm  >&5
configure:14959: $? = 0
configure:14959: ./conftest
configure:14959: $? = 0
configure:14966: result: 1
configure:14975: checking value of __atomic_always_lock_free(2)
configure:14980: gcc -o conftest -g -O2   conftest.c -latomic -lpthread -lrt -lm  >&5
configure:14980: $? = 0
configure:14980: ./conftest
configure:14980: $? = 0
configure:14987: result: 1
configure:14996: checking value of __atomic_always_lock_free(4)
configure:15001: gcc -o conftest -g -O2   conftest.c -latomic -lpthread -lrt -lm  >&5
configure:15001: $? = 0
configure:15001: ./conftest
configure:15001: $? = 0
configure:15008: result: 1
configure:15017: checking value of __atomic_always_lock_free(8)
configure:15022: gcc -o conftest -g -O2   conftest.c -latomic -lpthread -lrt -lm  >&5
configure:15022: $? = 0
configure:15022: ./conftest
configure:15022: $? = 0
configure:15029: result: 1
configure:15038: checking for library containing aio_write
configure:15069: gcc -o conftest -g -O2   conftest.c -latomic -lpthread -lrt -lm  >&5
configure:15069: $? = 0
configure:15086: result: none required
configure:15104: checking for pthread_set_name_np
configure:15104: gcc -o conftest -g -O2   conftest.c -latomic -lpthread -lrt -lm  >&5
/tmp/ccrtvjNi.o: In function `main':
/home/shengliu/Workspace/ovs_hehe_test/conftest.c:90: undefined reference to `pthread_set_name_np'
collect2: error: ld returned 1 exit status
configure:15104: $? = 1
configure: failed program was:
| /* confdefs.h */
| #define PACKAGE_NAME "openvswitch"
| #define PACKAGE_TARNAME "openvswitch"
| #define PACKAGE_VERSION "2.7.2"
| #define PACKAGE_STRING "openvswitch 2.7.2"
| #define PACKAGE_BUGREPORT "bugs@openvswitch.org"
| #define PACKAGE_URL ""
| #define PACKAGE "openvswitch"
| #define VERSION "2.7.2"
| #define STDC_HEADERS 1
| #define HAVE_SYS_TYPES_H 1
| #define HAVE_SYS_STAT_H 1
| #define HAVE_STDLIB_H 1
| #define HAVE_STRING_H 1
| #define HAVE_MEMORY_H 1
| #define HAVE_STRINGS_H 1
| #define HAVE_INTTYPES_H 1
| #define HAVE_STDINT_H 1
| #define HAVE_UNISTD_H 1
| #define __EXTENSIONS__ 1
| #define _ALL_SOURCE 1
| #define _GNU_SOURCE 1
| #define _POSIX_PTHREAD_SEMANTICS 1
| #define _TANDEM_SOURCE 1
| #define HAVE_DLFCN_H 1
| #define LT_OBJDIR ".libs/"
| #define HAVE_DECL_STRERROR_R 1
| #define HAVE_STRERROR_R 1
| #define STRERROR_R_CHAR_P 1
| #define VSTUDIO_DDK 1
| #define HAVE_NETLINK 1
| #define HAVE_OPENSSL 1
| #define HAVE_IF_PACKET 1
| #define HAVE_DECL_SYS_SIGLIST 1
| #define HAVE_STRUCT_STAT_ST_MTIM_TV_NSEC 1
| #define HAVE_MLOCKALL 1
| #define HAVE_STRNLEN 1
| #define HAVE_GETLOADAVG 1
| #define HAVE_STATVFS 1
| #define HAVE_GETMNTENT_R 1
| #define HAVE_MNTENT_H 1
| #define HAVE_SYS_STATVFS_H 1
| #define HAVE_LINUX_TYPES_H 1
| #define HAVE_LINUX_IF_ETHER_H 1
| #define HAVE_STDATOMIC_H 1
| #define HAVE_BACKTRACE 1
| #define HAVE_LINUX_PERF_EVENT_H 1
| #define HAVE_VALGRIND_VALGRIND_H 1
| #define HAVE___THREAD 1
| #define HAVE_GCC4_ATOMICS 1
| #define ATOMIC_ALWAYS_LOCK_FREE_1B 1
| #define ATOMIC_ALWAYS_LOCK_FREE_2B 1
| #define ATOMIC_ALWAYS_LOCK_FREE_4B 1
| #define ATOMIC_ALWAYS_LOCK_FREE_8B 1
| /* end confdefs.h.  */
| /* Define pthread_set_name_np to an innocuous variant, in case <limits.h> declares pthread_set_name_np.
|    For example, HP-UX 11i <limits.h> declares gettimeofday.  */
| #define pthread_set_name_np innocuous_pthread_set_name_np
| 
| /* System header to define __stub macros and hopefully few prototypes,
|     which can conflict with char pthread_set_name_np (); below.
|     Prefer <limits.h> to <assert.h> if __STDC__ is defined, since
|     <limits.h> exists even on freestanding compilers.  */
| 
| #ifdef __STDC__
| # include <limits.h>
| #else
| # include <assert.h>
| #endif
| 
| #undef pthread_set_name_np
| 
| /* Override any GCC internal prototype to avoid an error.
|    Use char because int might match the return type of a GCC
|    builtin and then its argument prototype would still apply.  */
| #ifdef __cplusplus
| extern "C"
| #endif
| char pthread_set_name_np ();
| /* The GNU C library defines this for functions which it implements
|     to always fail with ENOSYS.  Some functions are actually named
|     something starting with __ and the normal name is an alias.  */
| #if defined __stub_pthread_set_name_np || defined __stub___pthread_set_name_np
| choke me
| #endif
| 
| int
| main ()
| {
| return pthread_set_name_np ();
|   ;
|   return 0;
| }
configure:15104: result: no
configure:15114: checking for pthread_setname_np() variant
configure:15131: gcc -o conftest -g -O2   conftest.c -latomic -lpthread -lrt -lm  >&5
configure:15131: $? = 0
configure:15157: result: glibc
configure:15172: checking whether __linux__ is defined
configure:15188: gcc -c -g -O2  conftest.c >&5
configure:15188: $? = 0
configure:15195: result: true
configure:15205: checking linker output version information
configure:15213: result: libX-2.7.so.1.0.2)
configure:15217: checking for working posix_memalign
configure:15241: gcc -o conftest -g -O2   conftest.c -latomic -lpthread -lrt -lm  >&5
configure:15241: $? = 0
configure:15241: ./conftest
configure:15241: $? = 0
configure:15251: result: yes
configure:15262: checking whether the preprocessor supports include_next
configure:15300: gcc -c -g -O2  -Iconftestd1b -Iconftestd2 conftest.c >&5
configure:15300: $? = 0
configure:15321: result: yes
configure:15342: checking whether system header files limit the line length
configure:15365: result: no
configure:15391: checking for stdio.h
configure:15391: gcc -c -g -O2  conftest.c >&5
configure:15391: $? = 0
configure:15391: result: yes
configure:15391: checking for string.h
configure:15391: result: yes
configure:15556: checking whether gcc accepts -Werror
configure:15567: gcc -c -g -O2  -Werror  conftest.c >&5
configure:15567: $? = 0
configure:15580: result: yes
configure:15589: checking whether gcc accepts -Wall
configure:15600: gcc -c -g -O2 -Werror -Wall  conftest.c >&5
configure:15600: $? = 0
configure:15613: result: yes
configure:15623: checking whether gcc accepts -Wextra
configure:15634: gcc -c -g -O2 -Werror -Wextra  conftest.c >&5
configure:15634: $? = 0
configure:15647: result: yes
configure:15657: checking whether gcc accepts -Wno-sign-compare
configure:15668: gcc -c -g -O2 -Werror -Wno-sign-compare  conftest.c >&5
configure:15668: $? = 0
configure:15681: result: yes
configure:15691: checking whether gcc accepts -Wpointer-arith
configure:15702: gcc -c -g -O2 -Werror -Wpointer-arith  conftest.c >&5
configure:15702: $? = 0
configure:15715: result: yes
configure:15725: checking whether gcc accepts -Wformat -Wformat-security
configure:15736: gcc -c -g -O2 -Werror -Wformat -Wformat-security  conftest.c >&5
configure:15736: $? = 0
configure:15749: result: yes
configure:15759: checking whether gcc accepts -Wswitch-enum
configure:15770: gcc -c -g -O2 -Werror -Wswitch-enum  conftest.c >&5
configure:15770: $? = 0
configure:15783: result: yes
configure:15793: checking whether gcc accepts -Wunused-parameter
configure:15804: gcc -c -g -O2 -Werror -Wunused-parameter  conftest.c >&5
configure:15804: $? = 0
configure:15817: result: yes
configure:15827: checking whether gcc accepts -Wbad-function-cast
configure:15838: gcc -c -g -O2 -Werror -Wbad-function-cast  conftest.c >&5
configure:15838: $? = 0
configure:15851: result: yes
configure:15861: checking whether gcc accepts -Wcast-align
configure:15872: gcc -c -g -O2 -Werror -Wcast-align  conftest.c >&5
configure:15872: $? = 0
configure:15885: result: yes
configure:15895: checking whether gcc accepts -Wstrict-prototypes
configure:15906: gcc -c -g -O2 -Werror -Wstrict-prototypes  conftest.c >&5
configure:15906: $? = 0
configure:15919: result: yes
configure:15929: checking whether gcc accepts -Wold-style-definition
configure:15940: gcc -c -g -O2 -Werror -Wold-style-definition  conftest.c >&5
configure:15940: $? = 0
configure:15953: result: yes
configure:15963: checking whether gcc accepts -Wmissing-prototypes
configure:15974: gcc -c -g -O2 -Werror -Wmissing-prototypes  conftest.c >&5
configure:15974: $? = 0
configure:15987: result: yes
configure:15997: checking whether gcc accepts -Wmissing-field-initializers
configure:16008: gcc -c -g -O2 -Werror -Wmissing-field-initializers  conftest.c >&5
configure:16008: $? = 0
configure:16021: result: yes
configure:16031: checking whether gcc accepts -Wthread-safety
configure:16042: gcc -c -g -O2 -Werror -Wthread-safety  conftest.c >&5
gcc: error: unrecognized command line option '-Wthread-safety'
configure:16042: $? = 1
configure: failed program was:
| /* confdefs.h */
| #define PACKAGE_NAME "openvswitch"
| #define PACKAGE_TARNAME "openvswitch"
| #define PACKAGE_VERSION "2.7.2"
| #define PACKAGE_STRING "openvswitch 2.7.2"
| #define PACKAGE_BUGREPORT "bugs@openvswitch.org"
| #define PACKAGE_URL ""
| #define PACKAGE "openvswitch"
| #define VERSION "2.7.2"
| #define STDC_HEADERS 1
| #define HAVE_SYS_TYPES_H 1
| #define HAVE_SYS_STAT_H 1
| #define HAVE_STDLIB_H 1
| #define HAVE_STRING_H 1
| #define HAVE_MEMORY_H 1
| #define HAVE_STRINGS_H 1
| #define HAVE_INTTYPES_H 1
| #define HAVE_STDINT_H 1
| #define HAVE_UNISTD_H 1
| #define __EXTENSIONS__ 1
| #define _ALL_SOURCE 1
| #define _GNU_SOURCE 1
| #define _POSIX_PTHREAD_SEMANTICS 1
| #define _TANDEM_SOURCE 1
| #define HAVE_DLFCN_H 1
| #define LT_OBJDIR ".libs/"
| #define HAVE_DECL_STRERROR_R 1
| #define HAVE_STRERROR_R 1
| #define STRERROR_R_CHAR_P 1
| #define VSTUDIO_DDK 1
| #define HAVE_NETLINK 1
| #define HAVE_OPENSSL 1
| #define HAVE_IF_PACKET 1
| #define HAVE_DECL_SYS_SIGLIST 1
| #define HAVE_STRUCT_STAT_ST_MTIM_TV_NSEC 1
| #define HAVE_MLOCKALL 1
| #define HAVE_STRNLEN 1
| #define HAVE_GETLOADAVG 1
| #define HAVE_STATVFS 1
| #define HAVE_GETMNTENT_R 1
| #define HAVE_MNTENT_H 1
| #define HAVE_SYS_STATVFS_H 1
| #define HAVE_LINUX_TYPES_H 1
| #define HAVE_LINUX_IF_ETHER_H 1
| #define HAVE_STDATOMIC_H 1
| #define HAVE_BACKTRACE 1
| #define HAVE_LINUX_PERF_EVENT_H 1
| #define HAVE_VALGRIND_VALGRIND_H 1
| #define HAVE___THREAD 1
| #define HAVE_GCC4_ATOMICS 1
| #define ATOMIC_ALWAYS_LOCK_FREE_1B 1
| #define ATOMIC_ALWAYS_LOCK_FREE_2B 1
| #define ATOMIC_ALWAYS_LOCK_FREE_4B 1
| #define ATOMIC_ALWAYS_LOCK_FREE_8B 1
| #define HAVE_GLIBC_PTHREAD_SETNAME_NP 1
| #define HAVE_POSIX_MEMALIGN 1
| #define HAVE_STDIO_H 1
| #define HAVE_STRING_H 1
| /* end confdefs.h.  */
| int x;
configure:16055: result: no
configure:16065: checking whether gcc accepts -fno-strict-aliasing
configure:16076: gcc -c -g -O2 -Werror -fno-strict-aliasing  conftest.c >&5
configure:16076: $? = 0
configure:16089: result: yes
configure:16099: checking whether gcc accepts -Wswitch-bool
configure:16110: gcc -c -g -O2 -Werror -Wswitch-bool  conftest.c >&5
configure:16110: $? = 0
configure:16123: result: yes
configure:16133: checking whether gcc accepts -Wlogical-not-parentheses
configure:16144: gcc -c -g -O2 -Werror -Wlogical-not-parentheses  conftest.c >&5
configure:16144: $? = 0
configure:16157: result: yes
configure:16167: checking whether gcc accepts -Wsizeof-array-argument
configure:16178: gcc -c -g -O2 -Werror -Wsizeof-array-argument  conftest.c >&5
configure:16178: $? = 0
configure:16191: result: yes
configure:16201: checking whether gcc accepts -Wbool-compare
configure:16212: gcc -c -g -O2 -Werror -Wbool-compare  conftest.c >&5
configure:16212: $? = 0
configure:16225: result: yes
configure:16235: checking whether gcc accepts -Wshift-negative-value
configure:16246: gcc -c -g -O2 -Werror -Wshift-negative-value  conftest.c >&5
gcc: error: unrecognized command line option '-Wshift-negative-value'
configure:16246: $? = 1
configure: failed program was:
| /* confdefs.h */
| #define PACKAGE_NAME "openvswitch"
| #define PACKAGE_TARNAME "openvswitch"
| #define PACKAGE_VERSION "2.7.2"
| #define PACKAGE_STRING "openvswitch 2.7.2"
| #define PACKAGE_BUGREPORT "bugs@openvswitch.org"
| #define PACKAGE_URL ""
| #define PACKAGE "openvswitch"
| #define VERSION "2.7.2"
| #define STDC_HEADERS 1
| #define HAVE_SYS_TYPES_H 1
| #define HAVE_SYS_STAT_H 1
| #define HAVE_STDLIB_H 1
| #define HAVE_STRING_H 1
| #define HAVE_MEMORY_H 1
| #define HAVE_STRINGS_H 1
| #define HAVE_INTTYPES_H 1
| #define HAVE_STDINT_H 1
| #define HAVE_UNISTD_H 1
| #define __EXTENSIONS__ 1
| #define _ALL_SOURCE 1
| #define _GNU_SOURCE 1
| #define _POSIX_PTHREAD_SEMANTICS 1
| #define _TANDEM_SOURCE 1
| #define HAVE_DLFCN_H 1
| #define LT_OBJDIR ".libs/"
| #define HAVE_DECL_STRERROR_R 1
| #define HAVE_STRERROR_R 1
| #define STRERROR_R_CHAR_P 1
| #define VSTUDIO_DDK 1
| #define HAVE_NETLINK 1
| #define HAVE_OPENSSL 1
| #define HAVE_IF_PACKET 1
| #define HAVE_DECL_SYS_SIGLIST 1
| #define HAVE_STRUCT_STAT_ST_MTIM_TV_NSEC 1
| #define HAVE_MLOCKALL 1
| #define HAVE_STRNLEN 1
| #define HAVE_GETLOADAVG 1
| #define HAVE_STATVFS 1
| #define HAVE_GETMNTENT_R 1
| #define HAVE_MNTENT_H 1
| #define HAVE_SYS_STATVFS_H 1
| #define HAVE_LINUX_TYPES_H 1
| #define HAVE_LINUX_IF_ETHER_H 1
| #define HAVE_STDATOMIC_H 1
| #define HAVE_BACKTRACE 1
| #define HAVE_LINUX_PERF_EVENT_H 1
| #define HAVE_VALGRIND_VALGRIND_H 1
| #define HAVE___THREAD 1
| #define HAVE_GCC4_ATOMICS 1
| #define ATOMIC_ALWAYS_LOCK_FREE_1B 1
| #define ATOMIC_ALWAYS_LOCK_FREE_2B 1
| #define ATOMIC_ALWAYS_LOCK_FREE_4B 1
| #define ATOMIC_ALWAYS_LOCK_FREE_8B 1
| #define HAVE_GLIBC_PTHREAD_SETNAME_NP 1
| #define HAVE_POSIX_MEMALIGN 1
| #define HAVE_STDIO_H 1
| #define HAVE_STRING_H 1
| /* end confdefs.h.  */
| int x;
configure:16259: result: no
configure:16269: checking whether gcc accepts -Wduplicated-cond
configure:16280: gcc -c -g -O2 -Werror -Wduplicated-cond  conftest.c >&5
gcc: error: unrecognized command line option '-Wduplicated-cond'
configure:16280: $? = 1
configure: failed program was:
| /* confdefs.h */
| #define PACKAGE_NAME "openvswitch"
| #define PACKAGE_TARNAME "openvswitch"
| #define PACKAGE_VERSION "2.7.2"
| #define PACKAGE_STRING "openvswitch 2.7.2"
| #define PACKAGE_BUGREPORT "bugs@openvswitch.org"
| #define PACKAGE_URL ""
| #define PACKAGE "openvswitch"
| #define VERSION "2.7.2"
| #define STDC_HEADERS 1
| #define HAVE_SYS_TYPES_H 1
| #define HAVE_SYS_STAT_H 1
| #define HAVE_STDLIB_H 1
| #define HAVE_STRING_H 1
| #define HAVE_MEMORY_H 1
| #define HAVE_STRINGS_H 1
| #define HAVE_INTTYPES_H 1
| #define HAVE_STDINT_H 1
| #define HAVE_UNISTD_H 1
| #define __EXTENSIONS__ 1
| #define _ALL_SOURCE 1
| #define _GNU_SOURCE 1
| #define _POSIX_PTHREAD_SEMANTICS 1
| #define _TANDEM_SOURCE 1
| #define HAVE_DLFCN_H 1
| #define LT_OBJDIR ".libs/"
| #define HAVE_DECL_STRERROR_R 1
| #define HAVE_STRERROR_R 1
| #define STRERROR_R_CHAR_P 1
| #define VSTUDIO_DDK 1
| #define HAVE_NETLINK 1
| #define HAVE_OPENSSL 1
| #define HAVE_IF_PACKET 1
| #define HAVE_DECL_SYS_SIGLIST 1
| #define HAVE_STRUCT_STAT_ST_MTIM_TV_NSEC 1
| #define HAVE_MLOCKALL 1
| #define HAVE_STRNLEN 1
| #define HAVE_GETLOADAVG 1
| #define HAVE_STATVFS 1
| #define HAVE_GETMNTENT_R 1
| #define HAVE_MNTENT_H 1
| #define HAVE_SYS_STATVFS_H 1
| #define HAVE_LINUX_TYPES_H 1
| #define HAVE_LINUX_IF_ETHER_H 1
| #define HAVE_STDATOMIC_H 1
| #define HAVE_BACKTRACE 1
| #define HAVE_LINUX_PERF_EVENT_H 1
| #define HAVE_VALGRIND_VALGRIND_H 1
| #define HAVE___THREAD 1
| #define HAVE_GCC4_ATOMICS 1
| #define ATOMIC_ALWAYS_LOCK_FREE_1B 1
| #define ATOMIC_ALWAYS_LOCK_FREE_2B 1
| #define ATOMIC_ALWAYS_LOCK_FREE_4B 1
| #define ATOMIC_ALWAYS_LOCK_FREE_8B 1
| #define HAVE_GLIBC_PTHREAD_SETNAME_NP 1
| #define HAVE_POSIX_MEMALIGN 1
| #define HAVE_STDIO_H 1
| #define HAVE_STRING_H 1
| /* end confdefs.h.  */
| int x;
configure:16293: result: no
configure:16303: checking whether gcc accepts -Qunused-arguments
configure:16314: gcc -c -g -O2 -Werror -Qunused-arguments  conftest.c >&5
gcc: error: unrecognized command line option '-Qunused-arguments'
configure:16314: $? = 1
configure: failed program was:
| /* confdefs.h */
| #define PACKAGE_NAME "openvswitch"
| #define PACKAGE_TARNAME "openvswitch"
| #define PACKAGE_VERSION "2.7.2"
| #define PACKAGE_STRING "openvswitch 2.7.2"
| #define PACKAGE_BUGREPORT "bugs@openvswitch.org"
| #define PACKAGE_URL ""
| #define PACKAGE "openvswitch"
| #define VERSION "2.7.2"
| #define STDC_HEADERS 1
| #define HAVE_SYS_TYPES_H 1
| #define HAVE_SYS_STAT_H 1
| #define HAVE_STDLIB_H 1
| #define HAVE_STRING_H 1
| #define HAVE_MEMORY_H 1
| #define HAVE_STRINGS_H 1
| #define HAVE_INTTYPES_H 1
| #define HAVE_STDINT_H 1
| #define HAVE_UNISTD_H 1
| #define __EXTENSIONS__ 1
| #define _ALL_SOURCE 1
| #define _GNU_SOURCE 1
| #define _POSIX_PTHREAD_SEMANTICS 1
| #define _TANDEM_SOURCE 1
| #define HAVE_DLFCN_H 1
| #define LT_OBJDIR ".libs/"
| #define HAVE_DECL_STRERROR_R 1
| #define HAVE_STRERROR_R 1
| #define STRERROR_R_CHAR_P 1
| #define VSTUDIO_DDK 1
| #define HAVE_NETLINK 1
| #define HAVE_OPENSSL 1
| #define HAVE_IF_PACKET 1
| #define HAVE_DECL_SYS_SIGLIST 1
| #define HAVE_STRUCT_STAT_ST_MTIM_TV_NSEC 1
| #define HAVE_MLOCKALL 1
| #define HAVE_STRNLEN 1
| #define HAVE_GETLOADAVG 1
| #define HAVE_STATVFS 1
| #define HAVE_GETMNTENT_R 1
| #define HAVE_MNTENT_H 1
| #define HAVE_SYS_STATVFS_H 1
| #define HAVE_LINUX_TYPES_H 1
| #define HAVE_LINUX_IF_ETHER_H 1
| #define HAVE_STDATOMIC_H 1
| #define HAVE_BACKTRACE 1
| #define HAVE_LINUX_PERF_EVENT_H 1
| #define HAVE_VALGRIND_VALGRIND_H 1
| #define HAVE___THREAD 1
| #define HAVE_GCC4_ATOMICS 1
| #define ATOMIC_ALWAYS_LOCK_FREE_1B 1
| #define ATOMIC_ALWAYS_LOCK_FREE_2B 1
| #define ATOMIC_ALWAYS_LOCK_FREE_4B 1
| #define ATOMIC_ALWAYS_LOCK_FREE_8B 1
| #define HAVE_GLIBC_PTHREAD_SETNAME_NP 1
| #define HAVE_POSIX_MEMALIGN 1
| #define HAVE_STDIO_H 1
| #define HAVE_STRING_H 1
| /* end confdefs.h.  */
| int x;
configure:16327: result: no
configure:16337: checking whether gcc accepts -Wno-unused
configure:16348: gcc -c -g -O2 -Werror -Wno-unused  conftest.c >&5
configure:16348: $? = 0
configure:16361: result: yes
configure:16378: checking whether gcc accepts -Wno-unused-parameter
configure:16389: gcc -c -g -O2 -Werror -Wno-unused-parameter  conftest.c >&5
configure:16389: $? = 0
configure:16402: result: yes
configure:16435: checking target hint for cgcc
configure:16449: result: x86_64
configure:16461: checking whether make has GNU make $(if) extension
configure:16472: invoking make -f conftest.mk all:
echo y > conftest.out
configure:16474: conftest.out contains:
y
configure:16484: result: yes
configure:21578: checking whether dpdk datapath is enabled
configure:21581: result: no
configure:21930: gcc -c -g -O2  conftest.c >&5
conftest.c:60:1: note: #pragma message: Checking for pragma message
 _Pragma("message(\"Checking for pragma message\")")
 ^
configure:21930: $? = 0
configure:21984: checking whether make supports nested variables
configure:22001: result: yes
configure:22122: checking that generated files are newer than configure
configure:22128: result: done
configure:22246: creating ./config.status

## ---------------------- ##
## Running config.status. ##
## ---------------------- ##

This file was extended by openvswitch config.status 2.7.2, which was
generated by GNU Autoconf 2.69.  Invocation command line was

  CONFIG_FILES    = 
  CONFIG_HEADERS  = 
  CONFIG_LINKS    = 
  CONFIG_COMMANDS = 
  $ ./config.status 

on shengliu-ThinkPad-T440s

config.status:1240: creating lib/stdio.h
config.status:1240: creating lib/string.h
config.status:1240: creating ovsdb/libovsdb.sym
config.status:1240: creating ofproto/libofproto.sym
config.status:1240: creating lib/libsflow.sym
config.status:1240: creating lib/libopenvswitch.sym
config.status:1240: creating ovn/lib/libovn.sym
config.status:1240: creating vtep/libvtep.sym
config.status:1240: creating Makefile
config.status:1240: creating datapath/Makefile
config.status:1240: creating datapath/linux/Kbuild
config.status:1240: creating datapath/linux/Makefile
config.status:1240: creating datapath/linux/Makefile.main
config.status:1240: creating tests/atlocal
config.status:1240: creating lib/libopenvswitch.pc
config.status:1240: creating lib/libsflow.pc
config.status:1240: creating ofproto/libofproto.pc
config.status:1240: creating ovsdb/libovsdb.pc
config.status:1240: creating include/openvswitch/version.h
config.status:1240: creating config.h
config.status:1421: config.h is unchanged
config.status:1469: executing tests/atconfig commands
config.status:1469: executing depfiles commands
config.status:1469: executing libtool commands
config.status:1469: executing include/openflow/openflow.h.stamp commands
config.status:1469: executing utilities/bugtool/dummy commands
config.status:1469: executing ovn/dummy commands
config.status:1469: executing ovn/utilities/dummy commands

## ---------------- ##
## Cache variables. ##
## ---------------- ##

ac_cv_build=x86_64-pc-linux-gnu
ac_cv_c_bigendian=no
ac_cv_c_compiler_gnu=yes
ac_cv_env_CC_set=
ac_cv_env_CC_value=
ac_cv_env_CFLAGS_set=
ac_cv_env_CFLAGS_value=
ac_cv_env_CPPFLAGS_set=
ac_cv_env_CPPFLAGS_value=
ac_cv_env_CPP_set=
ac_cv_env_CPP_value=
ac_cv_env_KARCH_set=
ac_cv_env_KARCH_value=
ac_cv_env_LDFLAGS_set=
ac_cv_env_LDFLAGS_value=
ac_cv_env_LIBS_set=
ac_cv_env_LIBS_value=
ac_cv_env_LT_SYS_LIBRARY_PATH_set=
ac_cv_env_LT_SYS_LIBRARY_PATH_value=
ac_cv_env_PERL_set=
ac_cv_env_PERL_value=
ac_cv_env_build_alias_set=
ac_cv_env_build_alias_value=
ac_cv_env_host_alias_set=
ac_cv_env_host_alias_value=
ac_cv_env_target_alias_set=
ac_cv_env_target_alias_value=
ac_cv_func_getloadavg=yes
ac_cv_func_getmntent_r=yes
ac_cv_func_mlockall=yes
ac_cv_func_pthread_set_name_np=no
ac_cv_func_statvfs=yes
ac_cv_func_strerror_r=yes
ac_cv_func_strerror_r_char_p=yes
ac_cv_func_strnlen=yes
ac_cv_have_decl_strerror_r=yes
ac_cv_have_decl_sys_siglist=yes
ac_cv_header_dlfcn_h=yes
ac_cv_header_inttypes_h=yes
ac_cv_header_linux_if_ether_h=yes
ac_cv_header_linux_netlink_h=yes
ac_cv_header_linux_perf_event_h=yes
ac_cv_header_linux_types_h=yes
ac_cv_header_memory_h=yes
ac_cv_header_minix_config_h=no
ac_cv_header_mntent_h=yes
ac_cv_header_net_if_dl_h=no
ac_cv_header_net_if_mib_h=no
ac_cv_header_net_if_packet_h=yes
ac_cv_header_stdatomic_h=yes
ac_cv_header_stdc=yes
ac_cv_header_stdint_h=yes
ac_cv_header_stdio_h=yes
ac_cv_header_stdlib_h=yes
ac_cv_header_string_h=yes
ac_cv_header_strings_h=yes
ac_cv_header_sys_stat_h=yes
ac_cv_header_sys_statvfs_h=yes
ac_cv_header_sys_types_h=yes
ac_cv_header_unistd_h=yes
ac_cv_header_valgrind_valgrind_h=yes
ac_cv_header_vmware_h=no
ac_cv_header_windows_h=no
ac_cv_host=x86_64-pc-linux-gnu
ac_cv_lib_cap_ng_capng_clear=no
ac_cv_lib_socket_connect=no
ac_cv_member_struct_ifreq_ifr_flagshigh=no
ac_cv_member_struct_stat_st_mtim_tv_nsec=yes
ac_cv_member_struct_stat_st_mtimensec=no
ac_cv_objext=o
ac_cv_path_EGREP='/bin/grep -E'
ac_cv_path_FGREP='/bin/grep -F'
ac_cv_path_GREP=/bin/grep
ac_cv_path_PERL=/usr/bin/perl
ac_cv_path_PKG_CONFIG=/usr/bin/pkg-config
ac_cv_path_SED=/bin/sed
ac_cv_path_install='/usr/bin/install -c'
ac_cv_path_lt_DD=/bin/dd
ac_cv_path_mkdir=/bin/mkdir
ac_cv_prog_AWK=gawk
ac_cv_prog_CPP='gcc -E'
ac_cv_prog_ac_ct_AR=ar
ac_cv_prog_ac_ct_CC=gcc
ac_cv_prog_ac_ct_MANIFEST_TOOL=mt
ac_cv_prog_ac_ct_OBJDUMP=objdump
ac_cv_prog_ac_ct_RANLIB=ranlib
ac_cv_prog_ac_ct_STRIP=strip
ac_cv_prog_cc_c89=
ac_cv_prog_cc_c99=
ac_cv_prog_cc_g=yes
ac_cv_prog_make_make_set=yes
ac_cv_safe_to_define___extensions__=yes
ac_cv_search___atomic_load_8=-latomic
ac_cv_search_aio_write='none required'
ac_cv_search_backtrace='none required'
ac_cv_search_clock_gettime='none required'
ac_cv_search_gethostbyname='none required'
ac_cv_search_pow=-lm
ac_cv_search_pthread_create=-lpthread
ac_cv_search_timer_create=-lrt
ac_cv_sparse_target=x86_64
ac_cv_sys_file_offset_bits=no
ac_cv_sys_largefile_CC=no
am_cv_CC_dependencies_compiler_type=gcc3
am_cv_make_support_nested_variables=yes
am_cv_prog_cc_c_o=yes
am_cv_prog_tar_pax=gnutar
ax_cv_func_posix_memalign_works=yes
cl_cv_x64=no
gl_cv_have_include_next=yes
gl_cv_next_stdio_h='<stdio.h>'
gl_cv_next_string_h='<string.h>'
gl_cv_pragma_columns=no
lt_cv_ar_at_file=@
lt_cv_deplibs_check_method=pass_all
lt_cv_file_magic_cmd='$MAGIC_CMD'
lt_cv_file_magic_test_file=
lt_cv_ld_reload_flag=-r
lt_cv_nm_interface='BSD nm'
lt_cv_objdir=.libs
lt_cv_path_LD=/usr/bin/ld
lt_cv_path_NM='/usr/bin/nm -B'
lt_cv_path_mainfest_tool=no
lt_cv_prog_compiler_c_o=yes
lt_cv_prog_compiler_pic='-fPIC -DPIC'
lt_cv_prog_compiler_pic_works=yes
lt_cv_prog_compiler_rtti_exceptions=no
lt_cv_prog_compiler_static_works=yes
lt_cv_prog_gnu_ld=yes
lt_cv_sharedlib_from_linklib_cmd='printf %s\n'
lt_cv_shlibpath_overrides_runpath=no
lt_cv_sys_global_symbol_pipe='sed -n -e '\''s/^.*[	 ]\([ABCDGIRSTW][ABCDGIRSTW]*\)[	 ][	 ]*\([_A-Za-z][_A-Za-z0-9]*\)$/\1 \2 \2/p'\'' | sed '\''/ __gnu_lto/d'\'''
lt_cv_sys_global_symbol_to_c_name_address='sed -n -e '\''s/^: \(.*\) .*$/  {"\1", (void *) 0},/p'\'' -e '\''s/^[ABCDGIRSTW][ABCDGIRSTW]* .* \(.*\)$/  {"\1", (void *) \&\1},/p'\'''
lt_cv_sys_global_symbol_to_c_name_address_lib_prefix='sed -n -e '\''s/^: \(.*\) .*$/  {"\1", (void *) 0},/p'\'' -e '\''s/^[ABCDGIRSTW][ABCDGIRSTW]* .* \(lib.*\)$/  {"\1", (void *) \&\1},/p'\'' -e '\''s/^[ABCDGIRSTW][ABCDGIRSTW]* .* \(.*\)$/  {"lib\1", (void *) \&\1},/p'\'''
lt_cv_sys_global_symbol_to_cdecl='sed -n -e '\''s/^T .* \(.*\)$/extern int \1();/p'\'' -e '\''s/^[ABCDGIRSTW][ABCDGIRSTW]* .* \(.*\)$/extern char \1;/p'\'''
lt_cv_sys_global_symbol_to_import=
lt_cv_sys_max_cmd_len=1572864
lt_cv_to_host_file_cmd=func_convert_file_noop
lt_cv_to_tool_file_cmd=func_convert_file_noop
lt_cv_truncate_bin='/bin/dd bs=4096 count=1'
ovs_cv__Qunused_arguments=no
ovs_cv__Wall=yes
ovs_cv__Wbad_function_cast=yes
ovs_cv__Wbool_compare=yes
ovs_cv__Wcast_align=yes
ovs_cv__Wduplicated_cond=no
ovs_cv__Werror=yes
ovs_cv__Wextra=yes
ovs_cv__Wformat_Wformat_security=yes
ovs_cv__Wlogical_not_parentheses=yes
ovs_cv__Wmissing_field_initializers=yes
ovs_cv__Wmissing_prototypes=yes
ovs_cv__Wno_sign_compare=yes
ovs_cv__Wno_unused=yes
ovs_cv__Wno_unused_parameter=yes
ovs_cv__Wold_style_definition=yes
ovs_cv__Wpointer_arith=yes
ovs_cv__Wshift_negative_value=no
ovs_cv__Wsizeof_array_argument=yes
ovs_cv__Wstrict_prototypes=yes
ovs_cv__Wswitch_bool=yes
ovs_cv__Wswitch_enum=yes
ovs_cv__Wthread_safety=no
ovs_cv__Wunused_parameter=yes
ovs_cv___thread=yes
ovs_cv__fno_strict_aliasing=yes
ovs_cv_atomic_always_lock_free_1=1
ovs_cv_atomic_always_lock_free_2=1
ovs_cv_atomic_always_lock_free_4=1
ovs_cv_atomic_always_lock_free_8=1
ovs_cv_dot=yes
ovs_cv_flake8=no
ovs_cv_gcc4_atomics=yes
ovs_cv_gnu_make=yes
ovs_cv_gnu_make_if=yes
ovs_cv_groff=yes
ovs_cv_linux=true
ovs_cv_pthread_setname_np=glibc
ovs_cv_python3=/usr/bin/python3
ovs_cv_python=/usr/bin/python
ovs_cv_sphinx=no
ovs_cv_strtok_r_bug=no
ovs_cv_thread_local=no
ovs_cv_xsversion=none

## ----------------- ##
## Output variables. ##
## ----------------- ##

ACLOCAL='${SHELL} /home/shengliu/Workspace/ovs_hehe_test/build-aux/missing aclocal-1.15'
AMDEPBACKSLASH='\'
AMDEP_FALSE='#'
AMDEP_TRUE=''
AMTAR='$${TAR-tar}'
AM_BACKSLASH='\'
AM_DEFAULT_V='$(AM_DEFAULT_VERBOSITY)'
AM_DEFAULT_VERBOSITY='1'
AM_V='$(V)'
AR='ar'
AUTOCONF='${SHELL} /home/shengliu/Workspace/ovs_hehe_test/build-aux/missing autoconf'
AUTOHEADER='${SHELL} /home/shengliu/Workspace/ovs_hehe_test/build-aux/missing autoheader'
AUTOM4TE='${SHELL} /home/shengliu/Workspace/ovs_hehe_test/build-aux/missing autom4te'
AUTOMAKE='${SHELL} /home/shengliu/Workspace/ovs_hehe_test/build-aux/missing automake-1.15'
AWK='gawk'
CAPNG_LDADD=''
CC='$(if $(C),env REAL_CC="gcc" CHECK="$(SPARSE) -I $(top_srcdir)/include/sparse $(SPARSEFLAGS) $(SPARSE_EXTRA_INCLUDES) " cgcc $(CGCCFLAGS),gcc)'
CCDEPMODE='depmode=gcc3'
CFLAGS='-g -O2'
CGCCFLAGS='-target=x86_64'
CPP='gcc -E'
CPPFLAGS=''
CYGPATH_W='echo'
DBDIR='${sysconfdir}/${PACKAGE}'
DEFS='-DHAVE_CONFIG_H'
DEPDIR='.deps'
DLLTOOL='false'
DPDK_NETDEV_FALSE=''
DPDK_NETDEV_TRUE='#'
DPDK_vswitchd_LDFLAGS=''
DSYMUTIL=''
DUMPBIN=''
ECHO_C=''
ECHO_N='-n'
ECHO_T=''
EGREP='/bin/grep -E'
ESX_FALSE=''
ESX_TRUE='#'
EXEEXT=''
FGREP='/bin/grep -F'
FLAKE8_WERROR=''
GNU_MAKE_FALSE='#'
GNU_MAKE_TRUE=''
GREP='/bin/grep'
HAVE_DOT_FALSE='#'
HAVE_DOT_TRUE=''
HAVE_FLAKE8_FALSE=''
HAVE_FLAKE8_TRUE='#'
HAVE_GROFF_FALSE='#'
HAVE_GROFF_TRUE=''
HAVE_IF_DL_FALSE=''
HAVE_IF_DL_TRUE='#'
HAVE_IF_PACKET_FALSE='#'
HAVE_IF_PACKET_TRUE=''
HAVE_LIBCAPNG=''
HAVE_LIBCAPNG_FALSE=''
HAVE_LIBCAPNG_TRUE='#'
HAVE_NETLINK_FALSE='#'
HAVE_NETLINK_TRUE=''
HAVE_OPENSSL='yes'
HAVE_OPENSSL_FALSE='#'
HAVE_OPENSSL_TRUE=''
HAVE_POSIX_AIO_FALSE='#'
HAVE_POSIX_AIO_TRUE=''
HAVE_PYTHON3='yes'
HAVE_PYTHON3_FALSE='#'
HAVE_PYTHON3_TRUE=''
HAVE_PYTHON='yes'
HAVE_PYTHON_FALSE='#'
HAVE_PYTHON_TRUE=''
HAVE_SPHINX_FALSE=''
HAVE_SPHINX_TRUE='#'
HAVE_WNO_UNUSED_FALSE='#'
HAVE_WNO_UNUSED_PARAMETER_FALSE='#'
HAVE_WNO_UNUSED_PARAMETER_TRUE=''
HAVE_WNO_UNUSED_TRUE=''
INCLUDE_NEXT='include_next'
INCLUDE_NEXT_AS_FIRST_DIRECTIVE='include_next'
INSTALL_DATA='${INSTALL} -m 644'
INSTALL_PROGRAM='${INSTALL}'
INSTALL_SCRIPT='${INSTALL}'
INSTALL_STRIP_PROGRAM='$(install_sh) -c -s'
KARCH=''
KBUILD=''
LD='/usr/bin/ld -m elf_x86_64'
LDFLAGS=''
LIBOBJS=''
LIBS='-latomic -lpthread -lrt -lm '
LIBTOOL='$(SHELL) $(top_builddir)/libtool'
LINUX_ENABLED_FALSE=''
LINUX_ENABLED_TRUE='#'
LINUX_FALSE='#'
LINUX_TRUE=''
LIPO=''
LN_S='ln -s'
LOGDIR='${localstatedir}/log/${PACKAGE}'
LTLIBOBJS=''
LT_AGE='0'
LT_CURRENT='1'
LT_REVISION='0'
LT_SYS_LIBRARY_PATH=''
MAKEINFO='${SHELL} /home/shengliu/Workspace/ovs_hehe_test/build-aux/missing makeinfo'
MANIFEST_TOOL=':'
MKDIR_P='/bin/mkdir -p'
MSVC64_LDFLAGS=''
MSVC_CFLAGS=''
NDEBUG_FALSE=''
NDEBUG_TRUE='#'
NEXT_AS_FIRST_DIRECTIVE_STDIO_H='<stdio.h>'
NEXT_AS_FIRST_DIRECTIVE_STRING_H='<string.h>'
NEXT_STDIO_H='<stdio.h>'
NEXT_STRING_H='<string.h>'
NM='/usr/bin/nm -B'
NMEDIT=''
OBJDUMP='objdump'
OBJEXT='o'
OTOOL64=''
OTOOL=''
OVS_CFLAGS=' -Werror'
OVS_LDFLAGS=''
OVS_LTINFO='-release 2.7 -version-info 1:2'
PACKAGE='openvswitch'
PACKAGE_BUGREPORT='bugs@openvswitch.org'
PACKAGE_NAME='openvswitch'
PACKAGE_STRING='openvswitch 2.7.2'
PACKAGE_TARNAME='openvswitch'
PACKAGE_URL=''
PACKAGE_VERSION='2.7.2'
PATH_SEPARATOR=':'
PERL='/usr/bin/perl'
PKG_CONFIG='/usr/bin/pkg-config'
PKIDIR='${localstatedir}/lib/openvswitch/pki'
PRAGMA_COLUMNS=''
PRAGMA_SYSTEM_HEADER='#pragma GCC system_header'
PTHREAD_INCLUDES=''
PTHREAD_LDFLAGS=''
PTHREAD_LIBS=''
PTHREAD_WIN32_DIR_DLL=''
PTHREAD_WIN32_DIR_DLL_WIN_FORM=''
PYTHON3='/usr/bin/python3'
PYTHON='/usr/bin/python'
RANLIB='ranlib'
RUNDIR='${localstatedir}/run/openvswitch'
SED='/bin/sed'
SET_MAKE=''
SHELL='/bin/bash'
SPARSE='sparse'
SPARSEFLAGS='-m64'
SPARSE_EXTRA_INCLUDES='-I /usr/local/include -I /usr/include/x86_64-linux-gnu '
SSL_INCLUDES=''
SSL_LDFLAGS=''
SSL_LIBS='-lssl -lcrypto'
STRIP='strip'
VERSION='2.7.2'
VSTUDIO_CONFIG=''
VSTUDIO_DDK_FALSE=''
VSTUDIO_DDK_TRUE='#'
WARNING_FLAGS=' -Wall -Wextra -Wno-sign-compare -Wpointer-arith -Wformat -Wformat-security -Wswitch-enum -Wunused-parameter -Wbad-function-cast -Wcast-align -Wstrict-prototypes -Wold-style-definition -Wmissing-prototypes -Wmissing-field-initializers -fno-strict-aliasing -Wswitch-bool -Wlogical-not-parentheses -Wsizeof-array-argument -Wbool-compare'
WIN32_FALSE=''
WIN32_TRUE='#'
ac_ct_AR='ar'
ac_ct_CC='gcc'
ac_ct_DUMPBIN=''
am__EXEEXT_FALSE=''
am__EXEEXT_TRUE='#'
am__fastdepCC_FALSE='#'
am__fastdepCC_TRUE=''
am__include='include'
am__isrc=''
am__leading_dot='.'
am__nodep='_no'
am__quote=''
am__tar='tar --format=posix -chf - "$$tardir"'
am__untar='tar -xf -'
bindir='${exec_prefix}/bin'
build='x86_64-pc-linux-gnu'
build_alias=''
build_cpu='x86_64'
build_os='linux-gnu'
build_vendor='pc'
datadir='${datarootdir}'
datarootdir='${prefix}/share'
docdir='${datarootdir}/doc/${PACKAGE_TARNAME}'
dvidir='${docdir}'
exec_prefix='${prefix}'
host='x86_64-pc-linux-gnu'
host_alias=''
host_cpu='x86_64'
host_os='linux-gnu'
host_vendor='pc'
htmldir='${docdir}'
includedir='${prefix}/include'
infodir='${datarootdir}/info'
install_sh='${SHELL} /home/shengliu/Workspace/ovs_hehe_test/build-aux/install-sh'
libdir='${exec_prefix}/lib'
libexecdir='${exec_prefix}/libexec'
localedir='${datarootdir}/locale'
localstatedir='${prefix}/var'
mandir='${datarootdir}/man'
mkdir_p='$(MKDIR_P)'
oldincludedir='/usr/include'
pdfdir='${docdir}'
prefix='/usr/local'
program_transform_name='s,x,x,'
psdir='${docdir}'
runstatedir='${localstatedir}/run'
sbindir='${exec_prefix}/sbin'
sharedstatedir='${prefix}/com'
sysconfdir='${prefix}/etc'
target_alias=''

## ----------- ##
## confdefs.h. ##
## ----------- ##

/* confdefs.h */
#define PACKAGE_NAME "openvswitch"
#define PACKAGE_TARNAME "openvswitch"
#define PACKAGE_VERSION "2.7.2"
#define PACKAGE_STRING "openvswitch 2.7.2"
#define PACKAGE_BUGREPORT "bugs@openvswitch.org"
#define PACKAGE_URL ""
#define PACKAGE "openvswitch"
#define VERSION "2.7.2"
#define STDC_HEADERS 1
#define HAVE_SYS_TYPES_H 1
#define HAVE_SYS_STAT_H 1
#define HAVE_STDLIB_H 1
#define HAVE_STRING_H 1
#define HAVE_MEMORY_H 1
#define HAVE_STRINGS_H 1
#define HAVE_INTTYPES_H 1
#define HAVE_STDINT_H 1
#define HAVE_UNISTD_H 1
#define __EXTENSIONS__ 1
#define _ALL_SOURCE 1
#define _GNU_SOURCE 1
#define _POSIX_PTHREAD_SEMANTICS 1
#define _TANDEM_SOURCE 1
#define HAVE_DLFCN_H 1
#define LT_OBJDIR ".libs/"
#define HAVE_DECL_STRERROR_R 1
#define HAVE_STRERROR_R 1
#define STRERROR_R_CHAR_P 1
#define VSTUDIO_DDK 1
#define HAVE_NETLINK 1
#define HAVE_OPENSSL 1
#define HAVE_IF_PACKET 1
#define HAVE_DECL_SYS_SIGLIST 1
#define HAVE_STRUCT_STAT_ST_MTIM_TV_NSEC 1
#define HAVE_MLOCKALL 1
#define HAVE_STRNLEN 1
#define HAVE_GETLOADAVG 1
#define HAVE_STATVFS 1
#define HAVE_GETMNTENT_R 1
#define HAVE_MNTENT_H 1
#define HAVE_SYS_STATVFS_H 1
#define HAVE_LINUX_TYPES_H 1
#define HAVE_LINUX_IF_ETHER_H 1
#define HAVE_STDATOMIC_H 1
#define HAVE_BACKTRACE 1
#define HAVE_LINUX_PERF_EVENT_H 1
#define HAVE_VALGRIND_VALGRIND_H 1
#define HAVE___THREAD 1
#define HAVE_GCC4_ATOMICS 1
#define ATOMIC_ALWAYS_LOCK_FREE_1B 1
#define ATOMIC_ALWAYS_LOCK_FREE_2B 1
#define ATOMIC_ALWAYS_LOCK_FREE_4B 1
#define ATOMIC_ALWAYS_LOCK_FREE_8B 1
#define HAVE_GLIBC_PTHREAD_SETNAME_NP 1
#define HAVE_POSIX_MEMALIGN 1
#define HAVE_STDIO_H 1
#define HAVE_STRING_H 1
#define HAVE_PRAGMA_MESSAGE 1

configure: exit 0
